0 verbose cli C:\Program Files\nodejs\node.exe C:\Program Files\nodejs\node_modules\npm\bin\npm-cli.js
1 info using npm@10.9.2
2 info using node@v22.15.1
3 silly config load:file:C:\Program Files\nodejs\node_modules\npm\npmrc
4 silly config load:file:D:\piperxBackend\.npmrc
5 silly config load:file:C:\Users\admin\.npmrc
6 silly config load:file:C:\Users\admin\AppData\Roaming\npm\etc\npmrc
7 verbose title npm exec wrangler d1 execute piperx_pro --local --file=./schema.sql
8 verbose argv "exec" "--" "wrangler" "d1" "execute" "piperx_pro" "--local" "--file=./schema.sql"
9 verbose logfile logs-max:10 dir:D:\piperxBackend\.npm-cache\_logs\2025-10-05T05_49_25_125Z-
10 verbose logfile D:\piperxBackend\.npm-cache\_logs\2025-10-05T05_49_25_125Z-debug-0.log
11 silly logfile done cleaning log files
12 silly packumentCache heap:4345298944 maxSize:1086324736 maxEntrySize:543162368
13 http fetch GET 200 https://registry.npmmirror.com/npm 526ms
14 http fetch GET 200 https://registry.npmmirror.com/wrangler 1284ms (cache miss)
15 silly packumentCache heap:4345298944 maxSize:1086324736 maxEntrySize:543162368
16 silly packumentCache heap:4345298944 maxSize:1086324736 maxEntrySize:543162368
17 silly idealTree buildDeps
18 silly fetch manifest wrangler@4.42.0
19 silly packumentCache full:https://registry.npmmirror.com/wrangler cache-miss
20 http fetch GET 200 https://registry.npmmirror.com/wrangler 2406ms (cache miss)
21 silly packumentCache full:https://registry.npmmirror.com/wrangler set size:3748154 disposed:false
22 silly fetch manifest @cloudflare/workers-types@^4.20251001.0
23 silly packumentCache full:https://registry.npmmirror.com/@cloudflare%2fworkers-types cache-miss
24 http fetch GET 200 https://registry.npmmirror.com/@cloudflare%2fworkers-types 174ms (cache miss)
25 silly packumentCache full:https://registry.npmmirror.com/@cloudflare%2fworkers-types set size:141118 disposed:false
26 silly placeDep ROOT wrangler@4.42.0 OK for:  want: 4.42.0
27 silly fetch manifest blake3-wasm@2.1.5
28 silly packumentCache full:https://registry.npmmirror.com/blake3-wasm cache-miss
29 silly fetch manifest esbuild@0.25.4
30 silly packumentCache full:https://registry.npmmirror.com/esbuild cache-miss
31 silly fetch manifest path-to-regexp@6.3.0
32 silly packumentCache full:https://registry.npmmirror.com/path-to-regexp cache-miss
33 silly fetch manifest unenv@2.0.0-rc.21
34 silly packumentCache full:https://registry.npmmirror.com/unenv cache-miss
35 silly fetch manifest workerd@1.20251001.0
36 silly packumentCache full:https://registry.npmmirror.com/workerd cache-miss
37 silly fetch manifest @cloudflare/kv-asset-handler@0.4.0
38 silly packumentCache full:https://registry.npmmirror.com/@cloudflare%2fkv-asset-handler cache-miss
39 silly fetch manifest @cloudflare/unenv-preset@2.7.6
40 silly packumentCache full:https://registry.npmmirror.com/@cloudflare%2funenv-preset cache-miss
41 silly fetch manifest miniflare@4.20251001.0
42 silly packumentCache full:https://registry.npmmirror.com/miniflare cache-miss
43 silly fetch manifest fsevents@~2.3.2
44 silly packumentCache full:https://registry.npmmirror.com/fsevents cache-miss
45 http fetch GET 200 https://registry.npmmirror.com/blake3-wasm 127ms (cache miss)
46 silly packumentCache full:https://registry.npmmirror.com/blake3-wasm set size:3402 disposed:false
47 http fetch GET 200 https://registry.npmmirror.com/esbuild 162ms (cache miss)
48 silly packumentCache full:https://registry.npmmirror.com/esbuild set size:205957 disposed:false
49 http fetch GET 200 https://registry.npmmirror.com/path-to-regexp 186ms (cache miss)
50 silly packumentCache full:https://registry.npmmirror.com/path-to-regexp set size:28069 disposed:false
51 http fetch GET 200 https://registry.npmmirror.com/fsevents 187ms (cache miss)
52 silly packumentCache full:https://registry.npmmirror.com/fsevents set size:16344 disposed:false
53 http fetch GET 200 https://registry.npmmirror.com/@cloudflare%2fkv-asset-handler 233ms (cache miss)
54 silly packumentCache full:https://registry.npmmirror.com/@cloudflare%2fkv-asset-handler set size:15928 disposed:false
55 http fetch GET 200 https://registry.npmmirror.com/workerd 300ms (cache miss)
56 silly packumentCache full:https://registry.npmmirror.com/workerd set size:116659 disposed:false
57 http fetch GET 200 https://registry.npmmirror.com/unenv 366ms (cache miss)
58 silly packumentCache full:https://registry.npmmirror.com/unenv set size:52261 disposed:false
59 http fetch GET 200 https://registry.npmmirror.com/@cloudflare%2funenv-preset 419ms (cache miss)
60 silly packumentCache full:https://registry.npmmirror.com/@cloudflare%2funenv-preset set size:344577 disposed:false
61 http fetch GET 200 https://registry.npmmirror.com/miniflare 508ms (cache miss)
62 silly packumentCache full:https://registry.npmmirror.com/miniflare set size:798232 disposed:false
63 silly placeDep ROOT @cloudflare/kv-asset-handler@0.4.0 OK for: wrangler@4.42.0 want: 0.4.0
64 silly placeDep ROOT @cloudflare/unenv-preset@2.7.6 OK for: wrangler@4.42.0 want: 2.7.6
65 silly placeDep ROOT unenv@2.0.0-rc.21 OK for: @cloudflare/unenv-preset@2.7.6 want: 2.0.0-rc.21
66 silly placeDep ROOT blake3-wasm@2.1.5 OK for: wrangler@4.42.0 want: 2.1.5
67 silly placeDep ROOT esbuild@0.25.4 OK for: wrangler@4.42.0 want: 0.25.4
68 silly placeDep ROOT fsevents@2.3.3 OK for: wrangler@4.42.0 want: ~2.3.2
69 silly placeDep ROOT miniflare@4.20251001.0 OK for: wrangler@4.42.0 want: 4.20251001.0
70 silly placeDep ROOT path-to-regexp@6.3.0 OK for: wrangler@4.42.0 want: 6.3.0
71 silly placeDep ROOT workerd@1.20251001.0 OK for: wrangler@4.42.0 want: 1.20251001.0
72 silly fetch manifest mime@^3.0.0
73 silly packumentCache full:https://registry.npmmirror.com/mime cache-miss
74 silly fetch manifest defu@^6.1.4
75 silly packumentCache full:https://registry.npmmirror.com/defu cache-miss
76 silly fetch manifest exsolve@^1.0.7
77 silly packumentCache full:https://registry.npmmirror.com/exsolve cache-miss
78 silly fetch manifest ohash@^2.0.11
79 silly packumentCache full:https://registry.npmmirror.com/ohash cache-miss
80 silly fetch manifest pathe@^2.0.3
81 silly packumentCache full:https://registry.npmmirror.com/pathe cache-miss
82 silly fetch manifest ufo@^1.6.1
83 silly packumentCache full:https://registry.npmmirror.com/ufo cache-miss
84 silly fetch manifest @esbuild/aix-ppc64@0.25.4
85 silly packumentCache full:https://registry.npmmirror.com/@esbuild%2faix-ppc64 cache-miss
86 silly fetch manifest @esbuild/android-arm@0.25.4
87 silly packumentCache full:https://registry.npmmirror.com/@esbuild%2fandroid-arm cache-miss
88 silly fetch manifest @esbuild/android-arm64@0.25.4
89 silly packumentCache full:https://registry.npmmirror.com/@esbuild%2fandroid-arm64 cache-miss
90 silly fetch manifest @esbuild/android-x64@0.25.4
91 silly packumentCache full:https://registry.npmmirror.com/@esbuild%2fandroid-x64 cache-miss
92 silly fetch manifest @esbuild/darwin-arm64@0.25.4
93 silly packumentCache full:https://registry.npmmirror.com/@esbuild%2fdarwin-arm64 cache-miss
94 silly fetch manifest @esbuild/darwin-x64@0.25.4
95 silly packumentCache full:https://registry.npmmirror.com/@esbuild%2fdarwin-x64 cache-miss
96 silly fetch manifest @esbuild/freebsd-arm64@0.25.4
97 silly packumentCache full:https://registry.npmmirror.com/@esbuild%2ffreebsd-arm64 cache-miss
98 silly fetch manifest @esbuild/freebsd-x64@0.25.4
99 silly packumentCache full:https://registry.npmmirror.com/@esbuild%2ffreebsd-x64 cache-miss
100 silly fetch manifest @esbuild/linux-arm@0.25.4
101 silly packumentCache full:https://registry.npmmirror.com/@esbuild%2flinux-arm cache-miss
102 http fetch GET 200 https://registry.npmmirror.com/@esbuild%2faix-ppc64 82ms (cache miss)
103 silly packumentCache full:https://registry.npmmirror.com/@esbuild%2faix-ppc64 set size:10738 disposed:false
104 silly fetch manifest @esbuild/linux-arm64@0.25.4
105 silly packumentCache full:https://registry.npmmirror.com/@esbuild%2flinux-arm64 cache-miss
106 http fetch GET 200 https://registry.npmmirror.com/mime 89ms (cache miss)
107 silly packumentCache full:https://registry.npmmirror.com/mime set size:20849 disposed:false
108 silly fetch manifest @esbuild/linux-ia32@0.25.4
109 silly packumentCache full:https://registry.npmmirror.com/@esbuild%2flinux-ia32 cache-miss
110 http fetch GET 200 https://registry.npmmirror.com/@esbuild%2fandroid-arm64 105ms (cache miss)
111 silly packumentCache full:https://registry.npmmirror.com/@esbuild%2fandroid-arm64 set size:55755 disposed:false
112 silly fetch manifest @esbuild/linux-loong64@0.25.4
113 silly packumentCache full:https://registry.npmmirror.com/@esbuild%2flinux-loong64 cache-miss
114 http fetch GET 200 https://registry.npmmirror.com/pathe 135ms (cache miss)
115 silly packumentCache full:https://registry.npmmirror.com/pathe set size:20527 disposed:false
116 silly fetch manifest @esbuild/linux-mips64el@0.25.4
117 silly packumentCache full:https://registry.npmmirror.com/@esbuild%2flinux-mips64el cache-miss
118 http fetch GET 200 https://registry.npmmirror.com/ohash 137ms (cache miss)
119 silly packumentCache full:https://registry.npmmirror.com/ohash set size:19476 disposed:false
120 silly fetch manifest @esbuild/linux-ppc64@0.25.4
121 silly packumentCache full:https://registry.npmmirror.com/@esbuild%2flinux-ppc64 cache-miss
122 http fetch GET 200 https://registry.npmmirror.com/exsolve 140ms (cache miss)
123 silly packumentCache full:https://registry.npmmirror.com/exsolve set size:12237 disposed:false
124 silly fetch manifest @esbuild/linux-riscv64@0.25.4
125 silly packumentCache full:https://registry.npmmirror.com/@esbuild%2flinux-riscv64 cache-miss
126 http fetch GET 200 https://registry.npmmirror.com/@esbuild%2fandroid-arm 148ms (cache miss)
127 silly packumentCache full:https://registry.npmmirror.com/@esbuild%2fandroid-arm set size:65740 disposed:false
128 silly fetch manifest @esbuild/linux-s390x@0.25.4
129 silly packumentCache full:https://registry.npmmirror.com/@esbuild%2flinux-s390x cache-miss
130 http fetch GET 200 https://registry.npmmirror.com/defu 154ms (cache miss)
131 silly packumentCache full:https://registry.npmmirror.com/defu set size:17016 disposed:false
132 silly fetch manifest @esbuild/linux-x64@0.25.4
133 silly packumentCache full:https://registry.npmmirror.com/@esbuild%2flinux-x64 cache-miss
134 http fetch GET 200 https://registry.npmmirror.com/ufo 159ms (cache miss)
135 silly packumentCache full:https://registry.npmmirror.com/ufo set size:33977 disposed:false
136 silly fetch manifest @esbuild/netbsd-arm64@0.25.4
137 silly packumentCache full:https://registry.npmmirror.com/@esbuild%2fnetbsd-arm64 cache-miss
138 http fetch GET 200 https://registry.npmmirror.com/@esbuild%2flinux-arm64 87ms (cache miss)
139 silly packumentCache full:https://registry.npmmirror.com/@esbuild%2flinux-arm64 set size:55636 disposed:false
140 silly fetch manifest @esbuild/netbsd-x64@0.25.4
141 silly packumentCache full:https://registry.npmmirror.com/@esbuild%2fnetbsd-x64 cache-miss
142 http fetch GET 200 https://registry.npmmirror.com/@esbuild%2flinux-loong64 84ms (cache miss)
143 silly packumentCache full:https://registry.npmmirror.com/@esbuild%2flinux-loong64 set size:75166 disposed:false
144 silly fetch manifest @esbuild/openbsd-arm64@0.25.4
145 silly packumentCache full:https://registry.npmmirror.com/@esbuild%2fopenbsd-arm64 cache-miss
146 http fetch GET 200 https://registry.npmmirror.com/@esbuild%2fdarwin-x64 200ms (cache miss)
147 silly packumentCache full:https://registry.npmmirror.com/@esbuild%2fdarwin-x64 set size:55497 disposed:false
148 silly fetch manifest @esbuild/openbsd-x64@0.25.4
149 silly packumentCache full:https://registry.npmmirror.com/@esbuild%2fopenbsd-x64 cache-miss
150 http fetch GET 200 https://registry.npmmirror.com/@esbuild%2ffreebsd-arm64 217ms (cache miss)
151 silly packumentCache full:https://registry.npmmirror.com/@esbuild%2ffreebsd-arm64 set size:55323 disposed:false
152 silly fetch manifest @esbuild/sunos-x64@0.25.4
153 silly packumentCache full:https://registry.npmmirror.com/@esbuild%2fsunos-x64 cache-miss
154 http fetch GET 200 https://registry.npmmirror.com/@esbuild%2flinux-ia32 140ms (cache miss)
155 silly packumentCache full:https://registry.npmmirror.com/@esbuild%2flinux-ia32 set size:55766 disposed:false
156 silly fetch manifest @esbuild/win32-arm64@0.25.4
157 silly packumentCache full:https://registry.npmmirror.com/@esbuild%2fwin32-arm64 cache-miss
158 http fetch GET 200 https://registry.npmmirror.com/@esbuild%2fandroid-x64 237ms (cache miss)
159 silly packumentCache full:https://registry.npmmirror.com/@esbuild%2fandroid-x64 set size:55606 disposed:false
160 silly fetch manifest @esbuild/win32-ia32@0.25.4
161 silly packumentCache full:https://registry.npmmirror.com/@esbuild%2fwin32-ia32 cache-miss
162 http fetch GET 200 https://registry.npmmirror.com/@esbuild%2flinux-mips64el 122ms (cache miss)
163 silly packumentCache full:https://registry.npmmirror.com/@esbuild%2flinux-mips64el set size:55708 disposed:false
164 silly fetch manifest @esbuild/win32-x64@0.25.4
165 silly packumentCache full:https://registry.npmmirror.com/@esbuild%2fwin32-x64 cache-miss
166 http fetch GET 200 https://registry.npmmirror.com/@esbuild%2flinux-riscv64 134ms (cache miss)
167 silly packumentCache full:https://registry.npmmirror.com/@esbuild%2flinux-riscv64 set size:55812 disposed:false
168 silly fetch manifest @cspotcode/source-map-support@0.8.1
169 silly packumentCache full:https://registry.npmmirror.com/@cspotcode%2fsource-map-support cache-miss
170 http fetch GET 200 https://registry.npmmirror.com/@esbuild%2fnetbsd-arm64 118ms (cache miss)
171 silly packumentCache full:https://registry.npmmirror.com/@esbuild%2fnetbsd-arm64 set size:5546 disposed:false
172 silly fetch manifest acorn@8.14.0
173 silly packumentCache full:https://registry.npmmirror.com/acorn cache-miss
174 http fetch GET 200 https://registry.npmmirror.com/@esbuild%2flinux-x64 136ms (cache miss)
175 silly packumentCache full:https://registry.npmmirror.com/@esbuild%2flinux-x64 set size:55426 disposed:false
176 silly fetch manifest acorn-walk@8.3.2
177 silly packumentCache full:https://registry.npmmirror.com/acorn-walk cache-miss
178 http fetch GET 200 https://registry.npmmirror.com/@esbuild%2flinux-ppc64 157ms (cache miss)
179 silly packumentCache full:https://registry.npmmirror.com/@esbuild%2flinux-ppc64 set size:55678 disposed:false
180 silly fetch manifest exit-hook@2.2.1
181 silly packumentCache full:https://registry.npmmirror.com/exit-hook cache-miss
182 http fetch GET 200 https://registry.npmmirror.com/@esbuild%2flinux-s390x 150ms (cache miss)
183 silly packumentCache full:https://registry.npmmirror.com/@esbuild%2flinux-s390x set size:55721 disposed:false
184 silly fetch manifest glob-to-regexp@0.4.1
185 silly packumentCache full:https://registry.npmmirror.com/glob-to-regexp cache-miss
186 http fetch GET 200 https://registry.npmmirror.com/@esbuild%2ffreebsd-x64 306ms (cache miss)
187 silly packumentCache full:https://registry.npmmirror.com/@esbuild%2ffreebsd-x64 set size:55685 disposed:false
188 silly fetch manifest sharp@^0.33.5
189 silly packumentCache full:https://registry.npmmirror.com/sharp cache-miss
190 http fetch GET 200 https://registry.npmmirror.com/@esbuild%2fnetbsd-x64 143ms (cache miss)
191 silly packumentCache full:https://registry.npmmirror.com/@esbuild%2fnetbsd-x64 set size:55612 disposed:false
192 silly fetch manifest stoppable@1.1.0
193 silly packumentCache full:https://registry.npmmirror.com/stoppable cache-miss
194 http fetch GET 200 https://registry.npmmirror.com/@esbuild%2fopenbsd-arm64 126ms (cache miss)
195 silly packumentCache full:https://registry.npmmirror.com/@esbuild%2fopenbsd-arm64 set size:6675 disposed:false
196 silly fetch manifest undici@7.14.0
197 silly packumentCache full:https://registry.npmmirror.com/undici cache-miss
198 http fetch GET 200 https://registry.npmmirror.com/@esbuild%2fdarwin-arm64 321ms (cache miss)
199 silly packumentCache full:https://registry.npmmirror.com/@esbuild%2fdarwin-arm64 set size:55868 disposed:false
200 silly fetch manifest ws@8.18.0
201 silly packumentCache full:https://registry.npmmirror.com/ws cache-miss
202 http fetch GET 200 https://registry.npmmirror.com/@esbuild%2flinux-arm 330ms (cache miss)
203 silly packumentCache full:https://registry.npmmirror.com/@esbuild%2flinux-arm set size:55077 disposed:false
204 silly fetch manifest youch@4.1.0-beta.10
205 silly packumentCache full:https://registry.npmmirror.com/youch cache-miss
206 http fetch GET 200 https://registry.npmmirror.com/@esbuild%2fopenbsd-x64 141ms (cache miss)
207 silly packumentCache full:https://registry.npmmirror.com/@esbuild%2fopenbsd-x64 set size:55657 disposed:false
208 silly fetch manifest zod@3.22.3
209 silly packumentCache full:https://registry.npmmirror.com/zod cache-miss
210 http fetch GET 200 https://registry.npmmirror.com/@esbuild%2fsunos-x64 129ms (cache miss)
211 silly packumentCache full:https://registry.npmmirror.com/@esbuild%2fsunos-x64 set size:55668 disposed:false
212 silly fetch manifest @cloudflare/workerd-darwin-arm64@1.20251001.0
213 silly packumentCache full:https://registry.npmmirror.com/@cloudflare%2fworkerd-darwin-arm64 cache-miss
214 http fetch GET 200 https://registry.npmmirror.com/@esbuild%2fwin32-x64 91ms (cache miss)
215 silly packumentCache full:https://registry.npmmirror.com/@esbuild%2fwin32-x64 set size:56046 disposed:false
216 silly fetch manifest @cloudflare/workerd-darwin-64@1.20251001.0
217 silly packumentCache full:https://registry.npmmirror.com/@cloudflare%2fworkerd-darwin-64 cache-miss
218 http fetch GET 200 https://registry.npmmirror.com/@esbuild%2fwin32-ia32 117ms (cache miss)
219 silly packumentCache full:https://registry.npmmirror.com/@esbuild%2fwin32-ia32 set size:56126 disposed:false
220 silly fetch manifest @cloudflare/workerd-linux-arm64@1.20251001.0
221 silly packumentCache full:https://registry.npmmirror.com/@cloudflare%2fworkerd-linux-arm64 cache-miss
222 http fetch GET 200 https://registry.npmmirror.com/@esbuild%2fwin32-arm64 125ms (cache miss)
223 silly packumentCache full:https://registry.npmmirror.com/@esbuild%2fwin32-arm64 set size:55693 disposed:false
224 silly fetch manifest @cloudflare/workerd-linux-64@1.20251001.0
225 silly packumentCache full:https://registry.npmmirror.com/@cloudflare%2fworkerd-linux-64 cache-miss
226 http fetch GET 200 https://registry.npmmirror.com/acorn-walk 128ms (cache miss)
227 silly packumentCache full:https://registry.npmmirror.com/acorn-walk set size:8048 disposed:false
228 silly fetch manifest @cloudflare/workerd-windows-64@1.20251001.0
229 silly packumentCache full:https://registry.npmmirror.com/@cloudflare%2fworkerd-windows-64 cache-miss
230 http fetch GET 200 https://registry.npmmirror.com/glob-to-regexp 127ms (cache miss)
231 silly packumentCache full:https://registry.npmmirror.com/glob-to-regexp set size:4250 disposed:false
232 http fetch GET 200 https://registry.npmmirror.com/@cspotcode%2fsource-map-support 158ms (cache miss)
233 silly packumentCache full:https://registry.npmmirror.com/@cspotcode%2fsource-map-support set size:7945 disposed:false
234 http fetch GET 200 https://registry.npmmirror.com/ws 119ms (cache miss)
235 silly packumentCache full:https://registry.npmmirror.com/ws set size:92175 disposed:false
236 http fetch GET 200 https://registry.npmmirror.com/acorn 174ms (cache miss)
237 silly packumentCache full:https://registry.npmmirror.com/acorn set size:51710 disposed:false
238 http fetch GET 200 https://registry.npmmirror.com/stoppable 145ms (cache miss)
239 silly packumentCache full:https://registry.npmmirror.com/stoppable set size:5284 disposed:false
240 http fetch GET 200 https://registry.npmmirror.com/youch 132ms (cache miss)
241 silly packumentCache full:https://registry.npmmirror.com/youch set size:25152 disposed:false
242 http fetch GET 200 https://registry.npmmirror.com/undici 180ms (cache miss)
243 silly packumentCache full:https://registry.npmmirror.com/undici set size:167178 disposed:false
244 http fetch GET 200 https://registry.npmmirror.com/@cloudflare%2fworkerd-darwin-64 188ms (cache miss)
245 silly packumentCache full:https://registry.npmmirror.com/@cloudflare%2fworkerd-darwin-64 set size:134475 disposed:false
246 http fetch GET 200 https://registry.npmmirror.com/exit-hook 274ms (cache miss)
247 silly packumentCache full:https://registry.npmmirror.com/exit-hook set size:10804 disposed:false
248 http fetch GET 200 https://registry.npmmirror.com/@cloudflare%2fworkerd-darwin-arm64 221ms (cache miss)
249 silly packumentCache full:https://registry.npmmirror.com/@cloudflare%2fworkerd-darwin-arm64 set size:133829 disposed:false
250 http fetch GET 200 https://registry.npmmirror.com/zod 241ms (cache miss)
251 silly packumentCache full:https://registry.npmmirror.com/zod set size:387741 disposed:false
252 http fetch GET 200 https://registry.npmmirror.com/@cloudflare%2fworkerd-linux-64 270ms (cache miss)
253 silly packumentCache full:https://registry.npmmirror.com/@cloudflare%2fworkerd-linux-64 set size:135625 disposed:false
254 http fetch GET 200 https://registry.npmmirror.com/@cloudflare%2fworkerd-windows-64 236ms (cache miss)
255 silly packumentCache full:https://registry.npmmirror.com/@cloudflare%2fworkerd-windows-64 set size:114681 disposed:false
256 http fetch GET 200 https://registry.npmmirror.com/sharp 361ms (cache miss)
257 silly packumentCache full:https://registry.npmmirror.com/sharp set size:116524 disposed:false
258 http fetch GET 200 https://registry.npmmirror.com/@cloudflare%2fworkerd-linux-arm64 324ms (cache miss)
259 silly packumentCache full:https://registry.npmmirror.com/@cloudflare%2fworkerd-linux-arm64 set size:133300 disposed:false
260 silly placeDep ROOT mime@3.0.0 OK for: @cloudflare/kv-asset-handler@0.4.0 want: ^3.0.0
261 silly placeDep ROOT @esbuild/aix-ppc64@0.25.4 OK for: esbuild@0.25.4 want: 0.25.4
262 silly placeDep ROOT @esbuild/android-arm@0.25.4 OK for: esbuild@0.25.4 want: 0.25.4
263 silly placeDep ROOT @esbuild/android-arm64@0.25.4 OK for: esbuild@0.25.4 want: 0.25.4
264 silly placeDep ROOT @esbuild/android-x64@0.25.4 OK for: esbuild@0.25.4 want: 0.25.4
265 silly placeDep ROOT @esbuild/darwin-arm64@0.25.4 OK for: esbuild@0.25.4 want: 0.25.4
266 silly placeDep ROOT @esbuild/darwin-x64@0.25.4 OK for: esbuild@0.25.4 want: 0.25.4
267 silly placeDep ROOT @esbuild/freebsd-arm64@0.25.4 OK for: esbuild@0.25.4 want: 0.25.4
268 silly placeDep ROOT @esbuild/freebsd-x64@0.25.4 OK for: esbuild@0.25.4 want: 0.25.4
269 silly placeDep ROOT @esbuild/linux-arm@0.25.4 OK for: esbuild@0.25.4 want: 0.25.4
270 silly placeDep ROOT @esbuild/linux-arm64@0.25.4 OK for: esbuild@0.25.4 want: 0.25.4
271 silly placeDep ROOT @esbuild/linux-ia32@0.25.4 OK for: esbuild@0.25.4 want: 0.25.4
272 silly placeDep ROOT @esbuild/linux-loong64@0.25.4 OK for: esbuild@0.25.4 want: 0.25.4
273 silly placeDep ROOT @esbuild/linux-mips64el@0.25.4 OK for: esbuild@0.25.4 want: 0.25.4
274 silly placeDep ROOT @esbuild/linux-ppc64@0.25.4 OK for: esbuild@0.25.4 want: 0.25.4
275 silly placeDep ROOT @esbuild/linux-riscv64@0.25.4 OK for: esbuild@0.25.4 want: 0.25.4
276 silly placeDep ROOT @esbuild/linux-s390x@0.25.4 OK for: esbuild@0.25.4 want: 0.25.4
277 silly placeDep ROOT @esbuild/linux-x64@0.25.4 OK for: esbuild@0.25.4 want: 0.25.4
278 silly placeDep ROOT @esbuild/netbsd-arm64@0.25.4 OK for: esbuild@0.25.4 want: 0.25.4
279 silly placeDep ROOT @esbuild/netbsd-x64@0.25.4 OK for: esbuild@0.25.4 want: 0.25.4
280 silly placeDep ROOT @esbuild/openbsd-arm64@0.25.4 OK for: esbuild@0.25.4 want: 0.25.4
281 silly placeDep ROOT @esbuild/openbsd-x64@0.25.4 OK for: esbuild@0.25.4 want: 0.25.4
282 silly placeDep ROOT @esbuild/sunos-x64@0.25.4 OK for: esbuild@0.25.4 want: 0.25.4
283 silly placeDep ROOT @esbuild/win32-arm64@0.25.4 OK for: esbuild@0.25.4 want: 0.25.4
284 silly placeDep ROOT @esbuild/win32-ia32@0.25.4 OK for: esbuild@0.25.4 want: 0.25.4
285 silly placeDep ROOT @esbuild/win32-x64@0.25.4 OK for: esbuild@0.25.4 want: 0.25.4
286 silly fetch manifest bufferutil@^4.0.1
287 silly packumentCache full:https://registry.npmmirror.com/bufferutil cache-miss
288 http fetch GET 200 https://registry.npmmirror.com/bufferutil 83ms (cache miss)
289 silly packumentCache full:https://registry.npmmirror.com/bufferutil set size:11062 disposed:false
290 silly fetch manifest utf-8-validate@>=5.0.2
291 silly packumentCache full:https://registry.npmmirror.com/utf-8-validate cache-miss
292 http fetch GET 200 https://registry.npmmirror.com/utf-8-validate 74ms (cache miss)
293 silly packumentCache full:https://registry.npmmirror.com/utf-8-validate set size:16765 disposed:false
294 silly placeDep ROOT @cspotcode/source-map-support@0.8.1 OK for: miniflare@4.20251001.0 want: 0.8.1
295 silly placeDep ROOT acorn@8.14.0 OK for: miniflare@4.20251001.0 want: 8.14.0
296 silly placeDep ROOT acorn-walk@8.3.2 OK for: miniflare@4.20251001.0 want: 8.3.2
297 silly placeDep ROOT exit-hook@2.2.1 OK for: miniflare@4.20251001.0 want: 2.2.1
298 silly placeDep ROOT glob-to-regexp@0.4.1 OK for: miniflare@4.20251001.0 want: 0.4.1
299 silly placeDep ROOT sharp@0.33.5 OK for: miniflare@4.20251001.0 want: ^0.33.5
300 silly placeDep ROOT stoppable@1.1.0 OK for: miniflare@4.20251001.0 want: 1.1.0
301 silly placeDep ROOT undici@7.14.0 OK for: miniflare@4.20251001.0 want: 7.14.0
302 silly placeDep ROOT ws@8.18.0 OK for: miniflare@4.20251001.0 want: 8.18.0
303 silly placeDep ROOT youch@4.1.0-beta.10 OK for: miniflare@4.20251001.0 want: 4.1.0-beta.10
304 silly placeDep ROOT zod@3.22.3 OK for: miniflare@4.20251001.0 want: 3.22.3
305 silly fetch manifest @jridgewell/trace-mapping@0.3.9
306 silly packumentCache full:https://registry.npmmirror.com/@jridgewell%2ftrace-mapping cache-miss
307 silly fetch manifest color@^4.2.3
308 silly packumentCache full:https://registry.npmmirror.com/color cache-miss
309 silly fetch manifest detect-libc@^2.0.3
310 silly packumentCache full:https://registry.npmmirror.com/detect-libc cache-miss
311 silly fetch manifest semver@^7.6.3
312 silly packumentCache full:https://registry.npmmirror.com/semver cache-miss
313 silly fetch manifest @img/sharp-darwin-arm64@0.33.5
314 silly packumentCache full:https://registry.npmmirror.com/@img%2fsharp-darwin-arm64 cache-miss
315 silly fetch manifest @img/sharp-darwin-x64@0.33.5
316 silly packumentCache full:https://registry.npmmirror.com/@img%2fsharp-darwin-x64 cache-miss
317 silly fetch manifest @img/sharp-libvips-darwin-arm64@1.0.4
318 silly packumentCache full:https://registry.npmmirror.com/@img%2fsharp-libvips-darwin-arm64 cache-miss
319 silly fetch manifest @img/sharp-libvips-darwin-x64@1.0.4
320 silly packumentCache full:https://registry.npmmirror.com/@img%2fsharp-libvips-darwin-x64 cache-miss
321 silly fetch manifest @img/sharp-libvips-linux-arm@1.0.5
322 silly packumentCache full:https://registry.npmmirror.com/@img%2fsharp-libvips-linux-arm cache-miss
323 silly fetch manifest @img/sharp-libvips-linux-arm64@1.0.4
324 silly packumentCache full:https://registry.npmmirror.com/@img%2fsharp-libvips-linux-arm64 cache-miss
325 silly fetch manifest @img/sharp-libvips-linux-s390x@1.0.4
326 silly packumentCache full:https://registry.npmmirror.com/@img%2fsharp-libvips-linux-s390x cache-miss
327 silly fetch manifest @img/sharp-libvips-linux-x64@1.0.4
328 silly packumentCache full:https://registry.npmmirror.com/@img%2fsharp-libvips-linux-x64 cache-miss
329 silly fetch manifest @img/sharp-libvips-linuxmusl-arm64@1.0.4
330 silly packumentCache full:https://registry.npmmirror.com/@img%2fsharp-libvips-linuxmusl-arm64 cache-miss
331 silly fetch manifest @img/sharp-libvips-linuxmusl-x64@1.0.4
332 silly packumentCache full:https://registry.npmmirror.com/@img%2fsharp-libvips-linuxmusl-x64 cache-miss
333 silly fetch manifest @img/sharp-linux-arm@0.33.5
334 silly packumentCache full:https://registry.npmmirror.com/@img%2fsharp-linux-arm cache-miss
335 http fetch GET 200 https://registry.npmmirror.com/@img%2fsharp-libvips-darwin-x64 99ms (cache miss)
336 silly packumentCache full:https://registry.npmmirror.com/@img%2fsharp-libvips-darwin-x64 set size:10270 disposed:false
337 silly fetch manifest @img/sharp-linux-arm64@0.33.5
338 silly packumentCache full:https://registry.npmmirror.com/@img%2fsharp-linux-arm64 cache-miss
339 http fetch GET 200 https://registry.npmmirror.com/@img%2fsharp-linux-arm 101ms (cache miss)
340 silly packumentCache full:https://registry.npmmirror.com/@img%2fsharp-linux-arm set size:12542 disposed:false
341 silly fetch manifest @img/sharp-linux-s390x@0.33.5
342 silly packumentCache full:https://registry.npmmirror.com/@img%2fsharp-linux-s390x cache-miss
343 http fetch GET 200 https://registry.npmmirror.com/@img%2fsharp-darwin-arm64 108ms (cache miss)
344 silly packumentCache full:https://registry.npmmirror.com/@img%2fsharp-darwin-arm64 set size:12188 disposed:false
345 silly fetch manifest @img/sharp-linux-x64@0.33.5
346 silly packumentCache full:https://registry.npmmirror.com/@img%2fsharp-linux-x64 cache-miss
347 http fetch GET 200 https://registry.npmmirror.com/detect-libc 109ms (cache miss)
348 silly packumentCache full:https://registry.npmmirror.com/detect-libc set size:10541 disposed:false
349 silly fetch manifest @img/sharp-linuxmusl-arm64@0.33.5
350 silly packumentCache full:https://registry.npmmirror.com/@img%2fsharp-linuxmusl-arm64 cache-miss
351 http fetch GET 200 https://registry.npmmirror.com/@img%2fsharp-libvips-linux-arm64 110ms (cache miss)
352 silly packumentCache full:https://registry.npmmirror.com/@img%2fsharp-libvips-linux-arm64 set size:10728 disposed:false
353 silly fetch manifest @img/sharp-linuxmusl-x64@0.33.5
354 silly packumentCache full:https://registry.npmmirror.com/@img%2fsharp-linuxmusl-x64 cache-miss
355 http fetch GET 200 https://registry.npmmirror.com/@img%2fsharp-libvips-linux-x64 112ms (cache miss)
356 silly packumentCache full:https://registry.npmmirror.com/@img%2fsharp-libvips-linux-x64 set size:10942 disposed:false
357 silly fetch manifest @img/sharp-wasm32@0.33.5
358 silly packumentCache full:https://registry.npmmirror.com/@img%2fsharp-wasm32 cache-miss
359 http fetch GET 200 https://registry.npmmirror.com/@jridgewell%2ftrace-mapping 121ms (cache miss)
360 silly packumentCache full:https://registry.npmmirror.com/@jridgewell%2ftrace-mapping set size:40595 disposed:false
361 silly fetch manifest @img/sharp-win32-ia32@0.33.5
362 silly packumentCache full:https://registry.npmmirror.com/@img%2fsharp-win32-ia32 cache-miss
363 http fetch GET 200 https://registry.npmmirror.com/semver 126ms (cache miss)
364 silly packumentCache full:https://registry.npmmirror.com/semver set size:43860 disposed:false
365 silly fetch manifest @img/sharp-win32-x64@0.33.5
366 silly packumentCache full:https://registry.npmmirror.com/@img%2fsharp-win32-x64 cache-miss
367 http fetch GET 200 https://registry.npmmirror.com/@img%2fsharp-libvips-linuxmusl-x64 131ms (cache miss)
368 silly packumentCache full:https://registry.npmmirror.com/@img%2fsharp-libvips-linuxmusl-x64 set size:10399 disposed:false
369 silly fetch manifest @poppinss/colors@^4.1.5
370 silly packumentCache full:https://registry.npmmirror.com/@poppinss%2fcolors cache-miss
371 http fetch GET 200 https://registry.npmmirror.com/@img%2fsharp-libvips-linux-s390x 133ms (cache miss)
372 silly packumentCache full:https://registry.npmmirror.com/@img%2fsharp-libvips-linux-s390x set size:10054 disposed:false
373 silly fetch manifest @poppinss/dumper@^0.6.4
374 silly packumentCache full:https://registry.npmmirror.com/@poppinss%2fdumper cache-miss
375 http fetch GET 200 https://registry.npmmirror.com/@img%2fsharp-libvips-linuxmusl-arm64 139ms (cache miss)
376 silly packumentCache full:https://registry.npmmirror.com/@img%2fsharp-libvips-linuxmusl-arm64 set size:10395 disposed:false
377 silly fetch manifest @speed-highlight/core@^1.2.7
378 silly packumentCache full:https://registry.npmmirror.com/@speed-highlight%2fcore cache-miss
379 http fetch GET 200 https://registry.npmmirror.com/@img%2fsharp-linux-arm64 51ms (cache miss)
380 silly packumentCache full:https://registry.npmmirror.com/@img%2fsharp-linux-arm64 set size:12552 disposed:false
381 silly fetch manifest cookie@^1.0.2
382 silly packumentCache full:https://registry.npmmirror.com/cookie cache-miss
383 http fetch GET 200 https://registry.npmmirror.com/@img%2fsharp-linux-x64 69ms (cache miss)
384 silly packumentCache full:https://registry.npmmirror.com/@img%2fsharp-linux-x64 set size:12621 disposed:false
385 silly fetch manifest youch-core@^0.3.3
386 silly packumentCache full:https://registry.npmmirror.com/youch-core cache-miss
387 http fetch GET 200 https://registry.npmmirror.com/@img%2fsharp-win32-x64 65ms (cache miss)
388 silly packumentCache full:https://registry.npmmirror.com/@img%2fsharp-win32-x64 set size:13266 disposed:false
389 http fetch GET 200 https://registry.npmmirror.com/@img%2fsharp-wasm32 134ms (cache miss)
390 silly packumentCache full:https://registry.npmmirror.com/@img%2fsharp-wasm32 set size:12529 disposed:false
391 http fetch GET 200 https://registry.npmmirror.com/cookie 99ms (cache miss)
392 silly packumentCache full:https://registry.npmmirror.com/cookie set size:16138 disposed:false
393 http fetch GET 200 https://registry.npmmirror.com/@poppinss%2fcolors 124ms (cache miss)
394 silly packumentCache full:https://registry.npmmirror.com/@poppinss%2fcolors set size:26230 disposed:false
395 http fetch GET 200 https://registry.npmmirror.com/@img%2fsharp-darwin-x64 261ms (cache miss)
396 silly packumentCache full:https://registry.npmmirror.com/@img%2fsharp-darwin-x64 set size:12494 disposed:false
397 http fetch GET 200 https://registry.npmmirror.com/@img%2fsharp-libvips-darwin-arm64 262ms (cache miss)
398 silly packumentCache full:https://registry.npmmirror.com/@img%2fsharp-libvips-darwin-arm64 set size:10280 disposed:false
399 http fetch GET 200 https://registry.npmmirror.com/@img%2fsharp-linuxmusl-arm64 153ms (cache miss)
400 silly packumentCache full:https://registry.npmmirror.com/@img%2fsharp-linuxmusl-arm64 set size:12613 disposed:false
401 http fetch GET 200 https://registry.npmmirror.com/@poppinss%2fdumper 129ms (cache miss)
402 silly packumentCache full:https://registry.npmmirror.com/@poppinss%2fdumper set size:15287 disposed:false
403 http fetch GET 200 https://registry.npmmirror.com/@img%2fsharp-libvips-linux-arm 266ms (cache miss)
404 silly packumentCache full:https://registry.npmmirror.com/@img%2fsharp-libvips-linux-arm set size:11485 disposed:false
405 http fetch GET 200 https://registry.npmmirror.com/color 299ms (cache miss)
406 silly packumentCache full:https://registry.npmmirror.com/color set size:20984 disposed:false
407 http fetch GET 200 https://registry.npmmirror.com/@img%2fsharp-linuxmusl-x64 220ms (cache miss)
408 silly packumentCache full:https://registry.npmmirror.com/@img%2fsharp-linuxmusl-x64 set size:12614 disposed:false
409 http fetch GET 200 https://registry.npmmirror.com/@img%2fsharp-linux-s390x 228ms (cache miss)
410 silly packumentCache full:https://registry.npmmirror.com/@img%2fsharp-linux-s390x set size:12223 disposed:false
411 http fetch GET 200 https://registry.npmmirror.com/youch-core 163ms (cache miss)
412 silly packumentCache full:https://registry.npmmirror.com/youch-core set size:8871 disposed:false
413 http fetch GET 200 https://registry.npmmirror.com/@img%2fsharp-win32-ia32 230ms (cache miss)
414 silly packumentCache full:https://registry.npmmirror.com/@img%2fsharp-win32-ia32 set size:13339 disposed:false
415 http fetch GET 200 https://registry.npmmirror.com/@speed-highlight%2fcore 228ms (cache miss)
416 silly packumentCache full:https://registry.npmmirror.com/@speed-highlight%2fcore set size:14521 disposed:false
417 silly placeDep ROOT @jridgewell/trace-mapping@0.3.9 OK for: @cspotcode/source-map-support@0.8.1 want: 0.3.9
418 silly fetch manifest @jridgewell/resolve-uri@^3.0.3
419 silly packumentCache full:https://registry.npmmirror.com/@jridgewell%2fresolve-uri cache-miss
420 silly fetch manifest @jridgewell/sourcemap-codec@^1.4.10
421 silly packumentCache full:https://registry.npmmirror.com/@jridgewell%2fsourcemap-codec cache-miss
422 http fetch GET 200 https://registry.npmmirror.com/@jridgewell%2fsourcemap-codec 72ms (cache miss)
423 silly packumentCache full:https://registry.npmmirror.com/@jridgewell%2fsourcemap-codec set size:14577 disposed:false
424 http fetch GET 200 https://registry.npmmirror.com/@jridgewell%2fresolve-uri 74ms (cache miss)
425 silly packumentCache full:https://registry.npmmirror.com/@jridgewell%2fresolve-uri set size:14497 disposed:false
426 silly placeDep ROOT @jridgewell/resolve-uri@3.1.2 OK for: @jridgewell/trace-mapping@0.3.9 want: ^3.0.3
427 silly placeDep ROOT @jridgewell/sourcemap-codec@1.5.5 OK for: @jridgewell/trace-mapping@0.3.9 want: ^1.4.10
428 silly placeDep ROOT @img/sharp-darwin-arm64@0.33.5 OK for: sharp@0.33.5 want: 0.33.5
429 silly placeDep ROOT @img/sharp-darwin-x64@0.33.5 OK for: sharp@0.33.5 want: 0.33.5
430 silly placeDep ROOT @img/sharp-libvips-darwin-arm64@1.0.4 OK for: sharp@0.33.5 want: 1.0.4
431 silly placeDep ROOT @img/sharp-libvips-darwin-x64@1.0.4 OK for: sharp@0.33.5 want: 1.0.4
432 silly placeDep ROOT @img/sharp-libvips-linux-arm@1.0.5 OK for: sharp@0.33.5 want: 1.0.5
433 silly placeDep ROOT @img/sharp-libvips-linux-arm64@1.0.4 OK for: sharp@0.33.5 want: 1.0.4
434 silly placeDep ROOT @img/sharp-libvips-linux-s390x@1.0.4 OK for: sharp@0.33.5 want: 1.0.4
435 silly placeDep ROOT @img/sharp-libvips-linux-x64@1.0.4 OK for: sharp@0.33.5 want: 1.0.4
436 silly placeDep ROOT @img/sharp-libvips-linuxmusl-arm64@1.0.4 OK for: sharp@0.33.5 want: 1.0.4
437 silly placeDep ROOT @img/sharp-libvips-linuxmusl-x64@1.0.4 OK for: sharp@0.33.5 want: 1.0.4
438 silly placeDep ROOT @img/sharp-linux-arm@0.33.5 OK for: sharp@0.33.5 want: 0.33.5
439 silly placeDep ROOT @img/sharp-linux-arm64@0.33.5 OK for: sharp@0.33.5 want: 0.33.5
440 silly placeDep ROOT @img/sharp-linux-s390x@0.33.5 OK for: sharp@0.33.5 want: 0.33.5
441 silly placeDep ROOT @img/sharp-linux-x64@0.33.5 OK for: sharp@0.33.5 want: 0.33.5
442 silly placeDep ROOT @img/sharp-linuxmusl-arm64@0.33.5 OK for: sharp@0.33.5 want: 0.33.5
443 silly placeDep ROOT @img/sharp-linuxmusl-x64@0.33.5 OK for: sharp@0.33.5 want: 0.33.5
444 silly placeDep ROOT @img/sharp-wasm32@0.33.5 OK for: sharp@0.33.5 want: 0.33.5
445 silly placeDep ROOT @img/sharp-win32-ia32@0.33.5 OK for: sharp@0.33.5 want: 0.33.5
446 silly placeDep ROOT @img/sharp-win32-x64@0.33.5 OK for: sharp@0.33.5 want: 0.33.5
447 silly placeDep ROOT color@4.2.3 OK for: sharp@0.33.5 want: ^4.2.3
448 silly placeDep ROOT detect-libc@2.1.1 OK for: sharp@0.33.5 want: ^2.0.3
449 silly placeDep ROOT semver@7.7.2 OK for: sharp@0.33.5 want: ^7.6.3
450 silly fetch manifest @emnapi/runtime@^1.2.0
451 silly packumentCache full:https://registry.npmmirror.com/@emnapi%2fruntime cache-miss
452 silly fetch manifest color-convert@^2.0.1
453 silly packumentCache full:https://registry.npmmirror.com/color-convert cache-miss
454 silly fetch manifest color-string@^1.9.0
455 silly packumentCache full:https://registry.npmmirror.com/color-string cache-miss
456 http fetch GET 200 https://registry.npmmirror.com/color-convert 62ms (cache miss)
457 silly packumentCache full:https://registry.npmmirror.com/color-convert set size:13473 disposed:false
458 http fetch GET 200 https://registry.npmmirror.com/color-string 117ms (cache miss)
459 silly packumentCache full:https://registry.npmmirror.com/color-string set size:19265 disposed:false
460 http fetch GET 200 https://registry.npmmirror.com/@emnapi%2fruntime 120ms (cache miss)
461 silly packumentCache full:https://registry.npmmirror.com/@emnapi%2fruntime set size:23155 disposed:false
462 silly placeDep ROOT @emnapi/runtime@1.5.0 OK for: @img/sharp-wasm32@0.33.5 want: ^1.2.0
463 silly fetch manifest tslib@^2.4.0
464 silly packumentCache full:https://registry.npmmirror.com/tslib cache-miss
465 http fetch GET 200 https://registry.npmmirror.com/tslib 72ms (cache miss)
466 silly packumentCache full:https://registry.npmmirror.com/tslib set size:33183 disposed:false
467 silly placeDep ROOT tslib@2.8.1 OK for: @emnapi/runtime@1.5.0 want: ^2.4.0
468 silly placeDep ROOT color-convert@2.0.1 OK for: color@4.2.3 want: ^2.0.1
469 silly placeDep ROOT color-string@1.9.1 OK for: color@4.2.3 want: ^1.9.0
470 silly fetch manifest color-name@~1.1.4
471 silly packumentCache full:https://registry.npmmirror.com/color-name cache-miss
472 silly fetch manifest color-name@^1.0.0
473 silly packumentCache full:https://registry.npmmirror.com/color-name cache-miss
474 silly fetch manifest simple-swizzle@^0.2.2
475 silly packumentCache full:https://registry.npmmirror.com/simple-swizzle cache-miss
476 http fetch GET 200 https://registry.npmmirror.com/color-name 83ms (cache miss)
477 silly packumentCache full:https://registry.npmmirror.com/color-name set size:4932 disposed:false
478 http fetch GET 200 https://registry.npmmirror.com/color-name 84ms (cache miss)
479 silly packumentCache full:https://registry.npmmirror.com/color-name set size:4932 disposed:false
480 silly packumentCache full:https://registry.npmmirror.com/color-name dispose
481 http fetch GET 200 https://registry.npmmirror.com/simple-swizzle 130ms (cache miss)
482 silly packumentCache full:https://registry.npmmirror.com/simple-swizzle set size:3171 disposed:false
483 silly placeDep ROOT color-name@1.1.4 OK for: color-convert@2.0.1 want: ~1.1.4
484 silly placeDep ROOT simple-swizzle@0.2.4 OK for: color-string@1.9.1 want: ^0.2.2
485 silly fetch manifest is-arrayish@^0.3.1
486 silly packumentCache full:https://registry.npmmirror.com/is-arrayish cache-miss
487 http fetch GET 200 https://registry.npmmirror.com/is-arrayish 63ms (cache miss)
488 silly packumentCache full:https://registry.npmmirror.com/is-arrayish set size:3618 disposed:false
489 silly placeDep ROOT is-arrayish@0.3.4 OK for: simple-swizzle@0.2.4 want: ^0.3.1
490 silly placeDep ROOT defu@6.1.4 OK for: unenv@2.0.0-rc.21 want: ^6.1.4
491 silly placeDep ROOT exsolve@1.0.7 OK for: unenv@2.0.0-rc.21 want: ^1.0.7
492 silly placeDep ROOT ohash@2.0.11 OK for: unenv@2.0.0-rc.21 want: ^2.0.11
493 silly placeDep ROOT pathe@2.0.3 OK for: unenv@2.0.0-rc.21 want: ^2.0.3
494 silly placeDep ROOT ufo@1.6.1 OK for: unenv@2.0.0-rc.21 want: ^1.6.1
495 silly placeDep ROOT @cloudflare/workerd-darwin-64@1.20251001.0 OK for: workerd@1.20251001.0 want: 1.20251001.0
496 silly placeDep ROOT @cloudflare/workerd-darwin-arm64@1.20251001.0 OK for: workerd@1.20251001.0 want: 1.20251001.0
497 silly placeDep ROOT @cloudflare/workerd-linux-64@1.20251001.0 OK for: workerd@1.20251001.0 want: 1.20251001.0
498 silly placeDep ROOT @cloudflare/workerd-linux-arm64@1.20251001.0 OK for: workerd@1.20251001.0 want: 1.20251001.0
499 silly placeDep ROOT @cloudflare/workerd-windows-64@1.20251001.0 OK for: workerd@1.20251001.0 want: 1.20251001.0
500 silly placeDep ROOT @poppinss/colors@4.1.5 OK for: youch@4.1.0-beta.10 want: ^4.1.5
501 silly placeDep ROOT @poppinss/dumper@0.6.4 OK for: youch@4.1.0-beta.10 want: ^0.6.4
502 silly placeDep ROOT @speed-highlight/core@1.2.7 OK for: youch@4.1.0-beta.10 want: ^1.2.7
503 silly placeDep ROOT cookie@1.0.2 OK for: youch@4.1.0-beta.10 want: ^1.0.2
504 silly placeDep ROOT youch-core@0.3.3 OK for: youch@4.1.0-beta.10 want: ^0.3.3
505 silly fetch manifest kleur@^4.1.5
506 silly packumentCache full:https://registry.npmmirror.com/kleur cache-miss
507 silly fetch manifest @sindresorhus/is@^7.0.2
508 silly packumentCache full:https://registry.npmmirror.com/@sindresorhus%2fis cache-miss
509 silly fetch manifest supports-color@^10.0.0
510 silly packumentCache full:https://registry.npmmirror.com/supports-color cache-miss
511 silly fetch manifest @poppinss/exception@^1.2.2
512 silly packumentCache full:https://registry.npmmirror.com/@poppinss%2fexception cache-miss
513 silly fetch manifest error-stack-parser-es@^1.0.5
514 silly packumentCache full:https://registry.npmmirror.com/error-stack-parser-es cache-miss
515 http fetch GET 200 https://registry.npmmirror.com/supports-color 78ms (cache miss)
516 silly packumentCache full:https://registry.npmmirror.com/supports-color set size:23036 disposed:false
517 http fetch GET 200 https://registry.npmmirror.com/@sindresorhus%2fis 95ms (cache miss)
518 silly packumentCache full:https://registry.npmmirror.com/@sindresorhus%2fis set size:35520 disposed:false
519 http fetch GET 200 https://registry.npmmirror.com/error-stack-parser-es 107ms (cache miss)
520 silly packumentCache full:https://registry.npmmirror.com/error-stack-parser-es set size:4962 disposed:false
521 http fetch GET 200 https://registry.npmmirror.com/@poppinss%2fexception 133ms (cache miss)
522 silly packumentCache full:https://registry.npmmirror.com/@poppinss%2fexception set size:4535 disposed:false
523 http fetch GET 200 https://registry.npmmirror.com/kleur 225ms (cache miss)
524 silly packumentCache full:https://registry.npmmirror.com/kleur set size:10711 disposed:false
525 silly placeDep ROOT kleur@4.1.5 OK for: @poppinss/colors@4.1.5 want: ^4.1.5
526 silly placeDep ROOT @sindresorhus/is@7.1.0 OK for: @poppinss/dumper@0.6.4 want: ^7.0.2
527 silly placeDep ROOT supports-color@10.2.2 OK for: @poppinss/dumper@0.6.4 want: ^10.0.0
528 silly placeDep ROOT @poppinss/exception@1.2.2 OK for: youch-core@0.3.3 want: ^1.2.2
529 silly placeDep ROOT error-stack-parser-es@1.0.5 OK for: youch-core@0.3.3 want: ^1.0.5
530 silly reify moves {}
531 silly audit bulk request {
531 silly audit   wrangler: [ '4.42.0' ],
531 silly audit   '@cloudflare/kv-asset-handler': [ '0.4.0' ],
531 silly audit   '@cloudflare/unenv-preset': [ '2.7.6' ],
531 silly audit   unenv: [ '2.0.0-rc.21' ],
531 silly audit   'blake3-wasm': [ '2.1.5' ],
531 silly audit   esbuild: [ '0.25.4' ],
531 silly audit   fsevents: [ '2.3.3' ],
531 silly audit   miniflare: [ '4.20251001.0' ],
531 silly audit   'path-to-regexp': [ '6.3.0' ],
531 silly audit   workerd: [ '1.20251001.0' ],
531 silly audit   mime: [ '3.0.0' ],
531 silly audit   '@esbuild/aix-ppc64': [ '0.25.4' ],
531 silly audit   '@esbuild/android-arm': [ '0.25.4' ],
531 silly audit   '@esbuild/android-arm64': [ '0.25.4' ],
531 silly audit   '@esbuild/android-x64': [ '0.25.4' ],
531 silly audit   '@esbuild/darwin-arm64': [ '0.25.4' ],
531 silly audit   '@esbuild/darwin-x64': [ '0.25.4' ],
531 silly audit   '@esbuild/freebsd-arm64': [ '0.25.4' ],
531 silly audit   '@esbuild/freebsd-x64': [ '0.25.4' ],
531 silly audit   '@esbuild/linux-arm': [ '0.25.4' ],
531 silly audit   '@esbuild/linux-arm64': [ '0.25.4' ],
531 silly audit   '@esbuild/linux-ia32': [ '0.25.4' ],
531 silly audit   '@esbuild/linux-loong64': [ '0.25.4' ],
531 silly audit   '@esbuild/linux-mips64el': [ '0.25.4' ],
531 silly audit   '@esbuild/linux-ppc64': [ '0.25.4' ],
531 silly audit   '@esbuild/linux-riscv64': [ '0.25.4' ],
531 silly audit   '@esbuild/linux-s390x': [ '0.25.4' ],
531 silly audit   '@esbuild/linux-x64': [ '0.25.4' ],
531 silly audit   '@esbuild/netbsd-arm64': [ '0.25.4' ],
531 silly audit   '@esbuild/netbsd-x64': [ '0.25.4' ],
531 silly audit   '@esbuild/openbsd-arm64': [ '0.25.4' ],
531 silly audit   '@esbuild/openbsd-x64': [ '0.25.4' ],
531 silly audit   '@esbuild/sunos-x64': [ '0.25.4' ],
531 silly audit   '@esbuild/win32-arm64': [ '0.25.4' ],
531 silly audit   '@esbuild/win32-ia32': [ '0.25.4' ],
531 silly audit   '@esbuild/win32-x64': [ '0.25.4' ],
531 silly audit   '@cspotcode/source-map-support': [ '0.8.1' ],
531 silly audit   acorn: [ '8.14.0' ],
531 silly audit   'acorn-walk': [ '8.3.2' ],
531 silly audit   'exit-hook': [ '2.2.1' ],
531 silly audit   'glob-to-regexp': [ '0.4.1' ],
531 silly audit   sharp: [ '0.33.5' ],
531 silly audit   stoppable: [ '1.1.0' ],
531 silly audit   undici: [ '7.14.0' ],
531 silly audit   ws: [ '8.18.0' ],
531 silly audit   youch: [ '4.1.0-beta.10' ],
531 silly audit   zod: [ '3.22.3' ],
531 silly audit   '@jridgewell/trace-mapping': [ '0.3.9' ],
531 silly audit   '@jridgewell/resolve-uri': [ '3.1.2' ],
531 silly audit   '@jridgewell/sourcemap-codec': [ '1.5.5' ],
531 silly audit   '@img/sharp-darwin-arm64': [ '0.33.5' ],
531 silly audit   '@img/sharp-darwin-x64': [ '0.33.5' ],
531 silly audit   '@img/sharp-libvips-darwin-arm64': [ '1.0.4' ],
531 silly audit   '@img/sharp-libvips-darwin-x64': [ '1.0.4' ],
531 silly audit   '@img/sharp-libvips-linux-arm': [ '1.0.5' ],
531 silly audit   '@img/sharp-libvips-linux-arm64': [ '1.0.4' ],
531 silly audit   '@img/sharp-libvips-linux-s390x': [ '1.0.4' ],
531 silly audit   '@img/sharp-libvips-linux-x64': [ '1.0.4' ],
531 silly audit   '@img/sharp-libvips-linuxmusl-arm64': [ '1.0.4' ],
531 silly audit   '@img/sharp-libvips-linuxmusl-x64': [ '1.0.4' ],
531 silly audit   '@img/sharp-linux-arm': [ '0.33.5' ],
531 silly audit   '@img/sharp-linux-arm64': [ '0.33.5' ],
531 silly audit   '@img/sharp-linux-s390x': [ '0.33.5' ],
531 silly audit   '@img/sharp-linux-x64': [ '0.33.5' ],
531 silly audit   '@img/sharp-linuxmusl-arm64': [ '0.33.5' ],
531 silly audit   '@img/sharp-linuxmusl-x64': [ '0.33.5' ],
531 silly audit   '@img/sharp-wasm32': [ '0.33.5' ],
531 silly audit   '@img/sharp-win32-ia32': [ '0.33.5' ],
531 silly audit   '@img/sharp-win32-x64': [ '0.33.5' ],
531 silly audit   color: [ '4.2.3' ],
531 silly audit   'detect-libc': [ '2.1.1' ],
531 silly audit   semver: [ '7.7.2' ],
531 silly audit   '@emnapi/runtime': [ '1.5.0' ],
531 silly audit   tslib: [ '2.8.1' ],
531 silly audit   'color-convert': [ '2.0.1' ],
531 silly audit   'color-string': [ '1.9.1' ],
531 silly audit   'color-name': [ '1.1.4' ],
531 silly audit   'simple-swizzle': [ '0.2.4' ],
531 silly audit   'is-arrayish': [ '0.3.4' ],
531 silly audit   defu: [ '6.1.4' ],
531 silly audit   exsolve: [ '1.0.7' ],
531 silly audit   ohash: [ '2.0.11' ],
531 silly audit   pathe: [ '2.0.3' ],
531 silly audit   ufo: [ '1.6.1' ],
531 silly audit   '@cloudflare/workerd-darwin-64': [ '1.20251001.0' ],
531 silly audit   '@cloudflare/workerd-darwin-arm64': [ '1.20251001.0' ],
531 silly audit   '@cloudflare/workerd-linux-64': [ '1.20251001.0' ],
531 silly audit   '@cloudflare/workerd-linux-arm64': [ '1.20251001.0' ],
531 silly audit   '@cloudflare/workerd-windows-64': [ '1.20251001.0' ],
531 silly audit   '@poppinss/colors': [ '4.1.5' ],
531 silly audit   '@poppinss/dumper': [ '0.6.4' ],
531 silly audit   '@speed-highlight/core': [ '1.2.7' ],
531 silly audit   cookie: [ '1.0.2' ],
531 silly audit   'youch-core': [ '0.3.3' ],
531 silly audit   kleur: [ '4.1.5' ],
531 silly audit   '@sindresorhus/is': [ '7.1.0' ],
531 silly audit   'supports-color': [ '10.2.2' ],
531 silly audit   '@poppinss/exception': [ '1.2.2' ],
531 silly audit   'error-stack-parser-es': [ '1.0.5' ]
531 silly audit }
532 verbose reify failed optional dependency D:\piperxBackend\.npm-cache\_npx\32026684e21afda6\node_modules\@cloudflare\workerd-linux-arm64
533 silly reify mark deleted [
533 silly reify   'D:\\piperxBackend\\.npm-cache\\_npx\\32026684e21afda6\\node_modules\\@cloudflare\\workerd-linux-arm64'
533 silly reify ]
534 verbose reify failed optional dependency D:\piperxBackend\.npm-cache\_npx\32026684e21afda6\node_modules\@cloudflare\workerd-linux-64
535 silly reify mark deleted [
535 silly reify   'D:\\piperxBackend\\.npm-cache\\_npx\\32026684e21afda6\\node_modules\\@cloudflare\\workerd-linux-64'
535 silly reify ]
536 verbose reify failed optional dependency D:\piperxBackend\.npm-cache\_npx\32026684e21afda6\node_modules\@cloudflare\workerd-darwin-arm64
537 silly reify mark deleted [
537 silly reify   'D:\\piperxBackend\\.npm-cache\\_npx\\32026684e21afda6\\node_modules\\@cloudflare\\workerd-darwin-arm64'
537 silly reify ]
538 verbose reify failed optional dependency D:\piperxBackend\.npm-cache\_npx\32026684e21afda6\node_modules\@cloudflare\workerd-darwin-64
539 silly reify mark deleted [
539 silly reify   'D:\\piperxBackend\\.npm-cache\\_npx\\32026684e21afda6\\node_modules\\@cloudflare\\workerd-darwin-64'
539 silly reify ]
540 verbose reify failed optional dependency D:\piperxBackend\.npm-cache\_npx\32026684e21afda6\node_modules\@img\sharp-win32-ia32
541 silly reify mark deleted [
541 silly reify   'D:\\piperxBackend\\.npm-cache\\_npx\\32026684e21afda6\\node_modules\\@img\\sharp-win32-ia32'
541 silly reify ]
542 verbose reify failed optional dependency D:\piperxBackend\.npm-cache\_npx\32026684e21afda6\node_modules\@img\sharp-wasm32
543 silly reify mark deleted [
543 silly reify   'D:\\piperxBackend\\.npm-cache\\_npx\\32026684e21afda6\\node_modules\\@img\\sharp-wasm32'
543 silly reify ]
544 verbose reify failed optional dependency D:\piperxBackend\.npm-cache\_npx\32026684e21afda6\node_modules\@emnapi\runtime
545 silly reify mark deleted [
545 silly reify   'D:\\piperxBackend\\.npm-cache\\_npx\\32026684e21afda6\\node_modules\\@emnapi\\runtime'
545 silly reify ]
546 verbose reify failed optional dependency D:\piperxBackend\.npm-cache\_npx\32026684e21afda6\node_modules\tslib
547 silly reify mark deleted [
547 silly reify   'D:\\piperxBackend\\.npm-cache\\_npx\\32026684e21afda6\\node_modules\\tslib'
547 silly reify ]
548 verbose reify failed optional dependency D:\piperxBackend\.npm-cache\_npx\32026684e21afda6\node_modules\@img\sharp-linuxmusl-x64
549 silly reify mark deleted [
549 silly reify   'D:\\piperxBackend\\.npm-cache\\_npx\\32026684e21afda6\\node_modules\\@img\\sharp-linuxmusl-x64'
549 silly reify ]
550 verbose reify failed optional dependency D:\piperxBackend\.npm-cache\_npx\32026684e21afda6\node_modules\@img\sharp-linuxmusl-arm64
551 silly reify mark deleted [
551 silly reify   'D:\\piperxBackend\\.npm-cache\\_npx\\32026684e21afda6\\node_modules\\@img\\sharp-linuxmusl-arm64'
551 silly reify ]
552 verbose reify failed optional dependency D:\piperxBackend\.npm-cache\_npx\32026684e21afda6\node_modules\@img\sharp-linux-x64
553 silly reify mark deleted [
553 silly reify   'D:\\piperxBackend\\.npm-cache\\_npx\\32026684e21afda6\\node_modules\\@img\\sharp-linux-x64'
553 silly reify ]
554 verbose reify failed optional dependency D:\piperxBackend\.npm-cache\_npx\32026684e21afda6\node_modules\@img\sharp-linux-s390x
555 silly reify mark deleted [
555 silly reify   'D:\\piperxBackend\\.npm-cache\\_npx\\32026684e21afda6\\node_modules\\@img\\sharp-linux-s390x'
555 silly reify ]
556 verbose reify failed optional dependency D:\piperxBackend\.npm-cache\_npx\32026684e21afda6\node_modules\@img\sharp-linux-arm64
557 silly reify mark deleted [
557 silly reify   'D:\\piperxBackend\\.npm-cache\\_npx\\32026684e21afda6\\node_modules\\@img\\sharp-linux-arm64'
557 silly reify ]
558 verbose reify failed optional dependency D:\piperxBackend\.npm-cache\_npx\32026684e21afda6\node_modules\@img\sharp-linux-arm
559 silly reify mark deleted [
559 silly reify   'D:\\piperxBackend\\.npm-cache\\_npx\\32026684e21afda6\\node_modules\\@img\\sharp-linux-arm'
559 silly reify ]
560 verbose reify failed optional dependency D:\piperxBackend\.npm-cache\_npx\32026684e21afda6\node_modules\@img\sharp-libvips-linuxmusl-x64
561 silly reify mark deleted [
561 silly reify   'D:\\piperxBackend\\.npm-cache\\_npx\\32026684e21afda6\\node_modules\\@img\\sharp-libvips-linuxmusl-x64'
561 silly reify ]
562 verbose reify failed optional dependency D:\piperxBackend\.npm-cache\_npx\32026684e21afda6\node_modules\@img\sharp-libvips-linuxmusl-arm64
563 silly reify mark deleted [
563 silly reify   'D:\\piperxBackend\\.npm-cache\\_npx\\32026684e21afda6\\node_modules\\@img\\sharp-libvips-linuxmusl-arm64'
563 silly reify ]
564 verbose reify failed optional dependency D:\piperxBackend\.npm-cache\_npx\32026684e21afda6\node_modules\@img\sharp-libvips-linux-x64
565 silly reify mark deleted [
565 silly reify   'D:\\piperxBackend\\.npm-cache\\_npx\\32026684e21afda6\\node_modules\\@img\\sharp-libvips-linux-x64'
565 silly reify ]
566 verbose reify failed optional dependency D:\piperxBackend\.npm-cache\_npx\32026684e21afda6\node_modules\@img\sharp-libvips-linux-s390x
567 silly reify mark deleted [
567 silly reify   'D:\\piperxBackend\\.npm-cache\\_npx\\32026684e21afda6\\node_modules\\@img\\sharp-libvips-linux-s390x'
567 silly reify ]
568 verbose reify failed optional dependency D:\piperxBackend\.npm-cache\_npx\32026684e21afda6\node_modules\@img\sharp-libvips-linux-arm64
569 silly reify mark deleted [
569 silly reify   'D:\\piperxBackend\\.npm-cache\\_npx\\32026684e21afda6\\node_modules\\@img\\sharp-libvips-linux-arm64'
569 silly reify ]
570 verbose reify failed optional dependency D:\piperxBackend\.npm-cache\_npx\32026684e21afda6\node_modules\@img\sharp-libvips-linux-arm
571 silly reify mark deleted [
571 silly reify   'D:\\piperxBackend\\.npm-cache\\_npx\\32026684e21afda6\\node_modules\\@img\\sharp-libvips-linux-arm'
571 silly reify ]
572 verbose reify failed optional dependency D:\piperxBackend\.npm-cache\_npx\32026684e21afda6\node_modules\@img\sharp-libvips-darwin-x64
573 silly reify mark deleted [
573 silly reify   'D:\\piperxBackend\\.npm-cache\\_npx\\32026684e21afda6\\node_modules\\@img\\sharp-libvips-darwin-x64'
573 silly reify ]
574 verbose reify failed optional dependency D:\piperxBackend\.npm-cache\_npx\32026684e21afda6\node_modules\@img\sharp-libvips-darwin-arm64
575 silly reify mark deleted [
575 silly reify   'D:\\piperxBackend\\.npm-cache\\_npx\\32026684e21afda6\\node_modules\\@img\\sharp-libvips-darwin-arm64'
575 silly reify ]
576 verbose reify failed optional dependency D:\piperxBackend\.npm-cache\_npx\32026684e21afda6\node_modules\@img\sharp-darwin-x64
577 silly reify mark deleted [
577 silly reify   'D:\\piperxBackend\\.npm-cache\\_npx\\32026684e21afda6\\node_modules\\@img\\sharp-darwin-x64'
577 silly reify ]
578 verbose reify failed optional dependency D:\piperxBackend\.npm-cache\_npx\32026684e21afda6\node_modules\@img\sharp-darwin-arm64
579 silly reify mark deleted [
579 silly reify   'D:\\piperxBackend\\.npm-cache\\_npx\\32026684e21afda6\\node_modules\\@img\\sharp-darwin-arm64'
579 silly reify ]
580 verbose reify failed optional dependency D:\piperxBackend\.npm-cache\_npx\32026684e21afda6\node_modules\@esbuild\win32-ia32
581 silly reify mark deleted [
581 silly reify   'D:\\piperxBackend\\.npm-cache\\_npx\\32026684e21afda6\\node_modules\\@esbuild\\win32-ia32'
581 silly reify ]
582 verbose reify failed optional dependency D:\piperxBackend\.npm-cache\_npx\32026684e21afda6\node_modules\@esbuild\win32-arm64
583 silly reify mark deleted [
583 silly reify   'D:\\piperxBackend\\.npm-cache\\_npx\\32026684e21afda6\\node_modules\\@esbuild\\win32-arm64'
583 silly reify ]
584 verbose reify failed optional dependency D:\piperxBackend\.npm-cache\_npx\32026684e21afda6\node_modules\@esbuild\sunos-x64
585 silly reify mark deleted [
585 silly reify   'D:\\piperxBackend\\.npm-cache\\_npx\\32026684e21afda6\\node_modules\\@esbuild\\sunos-x64'
585 silly reify ]
586 verbose reify failed optional dependency D:\piperxBackend\.npm-cache\_npx\32026684e21afda6\node_modules\@esbuild\openbsd-x64
587 silly reify mark deleted [
587 silly reify   'D:\\piperxBackend\\.npm-cache\\_npx\\32026684e21afda6\\node_modules\\@esbuild\\openbsd-x64'
587 silly reify ]
588 verbose reify failed optional dependency D:\piperxBackend\.npm-cache\_npx\32026684e21afda6\node_modules\@esbuild\openbsd-arm64
589 silly reify mark deleted [
589 silly reify   'D:\\piperxBackend\\.npm-cache\\_npx\\32026684e21afda6\\node_modules\\@esbuild\\openbsd-arm64'
589 silly reify ]
590 verbose reify failed optional dependency D:\piperxBackend\.npm-cache\_npx\32026684e21afda6\node_modules\@esbuild\netbsd-x64
591 silly reify mark deleted [
591 silly reify   'D:\\piperxBackend\\.npm-cache\\_npx\\32026684e21afda6\\node_modules\\@esbuild\\netbsd-x64'
591 silly reify ]
592 verbose reify failed optional dependency D:\piperxBackend\.npm-cache\_npx\32026684e21afda6\node_modules\@esbuild\netbsd-arm64
593 silly reify mark deleted [
593 silly reify   'D:\\piperxBackend\\.npm-cache\\_npx\\32026684e21afda6\\node_modules\\@esbuild\\netbsd-arm64'
593 silly reify ]
594 verbose reify failed optional dependency D:\piperxBackend\.npm-cache\_npx\32026684e21afda6\node_modules\@esbuild\linux-x64
595 silly reify mark deleted [
595 silly reify   'D:\\piperxBackend\\.npm-cache\\_npx\\32026684e21afda6\\node_modules\\@esbuild\\linux-x64'
595 silly reify ]
596 verbose reify failed optional dependency D:\piperxBackend\.npm-cache\_npx\32026684e21afda6\node_modules\@esbuild\linux-s390x
597 silly reify mark deleted [
597 silly reify   'D:\\piperxBackend\\.npm-cache\\_npx\\32026684e21afda6\\node_modules\\@esbuild\\linux-s390x'
597 silly reify ]
598 verbose reify failed optional dependency D:\piperxBackend\.npm-cache\_npx\32026684e21afda6\node_modules\@esbuild\linux-riscv64
599 silly reify mark deleted [
599 silly reify   'D:\\piperxBackend\\.npm-cache\\_npx\\32026684e21afda6\\node_modules\\@esbuild\\linux-riscv64'
599 silly reify ]
600 verbose reify failed optional dependency D:\piperxBackend\.npm-cache\_npx\32026684e21afda6\node_modules\@esbuild\linux-ppc64
601 silly reify mark deleted [
601 silly reify   'D:\\piperxBackend\\.npm-cache\\_npx\\32026684e21afda6\\node_modules\\@esbuild\\linux-ppc64'
601 silly reify ]
602 verbose reify failed optional dependency D:\piperxBackend\.npm-cache\_npx\32026684e21afda6\node_modules\@esbuild\linux-mips64el
603 silly reify mark deleted [
603 silly reify   'D:\\piperxBackend\\.npm-cache\\_npx\\32026684e21afda6\\node_modules\\@esbuild\\linux-mips64el'
603 silly reify ]
604 verbose reify failed optional dependency D:\piperxBackend\.npm-cache\_npx\32026684e21afda6\node_modules\@esbuild\linux-loong64
605 silly reify mark deleted [
605 silly reify   'D:\\piperxBackend\\.npm-cache\\_npx\\32026684e21afda6\\node_modules\\@esbuild\\linux-loong64'
605 silly reify ]
606 verbose reify failed optional dependency D:\piperxBackend\.npm-cache\_npx\32026684e21afda6\node_modules\@esbuild\linux-ia32
607 silly reify mark deleted [
607 silly reify   'D:\\piperxBackend\\.npm-cache\\_npx\\32026684e21afda6\\node_modules\\@esbuild\\linux-ia32'
607 silly reify ]
608 verbose reify failed optional dependency D:\piperxBackend\.npm-cache\_npx\32026684e21afda6\node_modules\@esbuild\linux-arm64
609 silly reify mark deleted [
609 silly reify   'D:\\piperxBackend\\.npm-cache\\_npx\\32026684e21afda6\\node_modules\\@esbuild\\linux-arm64'
609 silly reify ]
610 verbose reify failed optional dependency D:\piperxBackend\.npm-cache\_npx\32026684e21afda6\node_modules\@esbuild\linux-arm
611 silly reify mark deleted [
611 silly reify   'D:\\piperxBackend\\.npm-cache\\_npx\\32026684e21afda6\\node_modules\\@esbuild\\linux-arm'
611 silly reify ]
612 verbose reify failed optional dependency D:\piperxBackend\.npm-cache\_npx\32026684e21afda6\node_modules\@esbuild\freebsd-x64
613 silly reify mark deleted [
613 silly reify   'D:\\piperxBackend\\.npm-cache\\_npx\\32026684e21afda6\\node_modules\\@esbuild\\freebsd-x64'
613 silly reify ]
614 verbose reify failed optional dependency D:\piperxBackend\.npm-cache\_npx\32026684e21afda6\node_modules\@esbuild\freebsd-arm64
615 silly reify mark deleted [
615 silly reify   'D:\\piperxBackend\\.npm-cache\\_npx\\32026684e21afda6\\node_modules\\@esbuild\\freebsd-arm64'
615 silly reify ]
616 verbose reify failed optional dependency D:\piperxBackend\.npm-cache\_npx\32026684e21afda6\node_modules\@esbuild\darwin-x64
617 silly reify mark deleted [
617 silly reify   'D:\\piperxBackend\\.npm-cache\\_npx\\32026684e21afda6\\node_modules\\@esbuild\\darwin-x64'
617 silly reify ]
618 verbose reify failed optional dependency D:\piperxBackend\.npm-cache\_npx\32026684e21afda6\node_modules\@esbuild\darwin-arm64
619 silly reify mark deleted [
619 silly reify   'D:\\piperxBackend\\.npm-cache\\_npx\\32026684e21afda6\\node_modules\\@esbuild\\darwin-arm64'
619 silly reify ]
620 verbose reify failed optional dependency D:\piperxBackend\.npm-cache\_npx\32026684e21afda6\node_modules\@esbuild\android-x64
621 silly reify mark deleted [
621 silly reify   'D:\\piperxBackend\\.npm-cache\\_npx\\32026684e21afda6\\node_modules\\@esbuild\\android-x64'
621 silly reify ]
622 verbose reify failed optional dependency D:\piperxBackend\.npm-cache\_npx\32026684e21afda6\node_modules\@esbuild\android-arm64
623 silly reify mark deleted [
623 silly reify   'D:\\piperxBackend\\.npm-cache\\_npx\\32026684e21afda6\\node_modules\\@esbuild\\android-arm64'
623 silly reify ]
624 verbose reify failed optional dependency D:\piperxBackend\.npm-cache\_npx\32026684e21afda6\node_modules\@esbuild\android-arm
625 silly reify mark deleted [
625 silly reify   'D:\\piperxBackend\\.npm-cache\\_npx\\32026684e21afda6\\node_modules\\@esbuild\\android-arm'
625 silly reify ]
626 verbose reify failed optional dependency D:\piperxBackend\.npm-cache\_npx\32026684e21afda6\node_modules\@esbuild\aix-ppc64
627 silly reify mark deleted [
627 silly reify   'D:\\piperxBackend\\.npm-cache\\_npx\\32026684e21afda6\\node_modules\\@esbuild\\aix-ppc64'
627 silly reify ]
628 verbose reify failed optional dependency D:\piperxBackend\.npm-cache\_npx\32026684e21afda6\node_modules\fsevents
629 silly reify mark deleted [
629 silly reify   'D:\\piperxBackend\\.npm-cache\\_npx\\32026684e21afda6\\node_modules\\fsevents'
629 silly reify ]
630 http cache @poppinss/exception@https://registry.npmmirror.com/@poppinss/exception/-/exception-1.2.2.tgz 0ms (cache hit)
631 http cache @sindresorhus/is@https://registry.npmmirror.com/@sindresorhus/is/-/is-7.1.0.tgz 0ms (cache hit)
632 http cache error-stack-parser-es@https://registry.npmmirror.com/error-stack-parser-es/-/error-stack-parser-es-1.0.5.tgz 0ms (cache hit)
633 http cache supports-color@https://registry.npmmirror.com/supports-color/-/supports-color-10.2.2.tgz 0ms (cache hit)
634 http cache @speed-highlight/core@https://registry.npmmirror.com/@speed-highlight/core/-/core-1.2.7.tgz 0ms (cache hit)
635 http cache youch-core@https://registry.npmmirror.com/youch-core/-/youch-core-0.3.3.tgz 0ms (cache hit)
636 http cache @poppinss/dumper@https://registry.npmmirror.com/@poppinss/dumper/-/dumper-0.6.4.tgz 0ms (cache hit)
637 http cache @cloudflare/workerd-windows-64@https://registry.npmmirror.com/@cloudflare/workerd-windows-64/-/workerd-windows-64-1.20251001.0.tgz 0ms (cache hit)
638 http cache @poppinss/colors@https://registry.npmmirror.com/@poppinss/colors/-/colors-4.1.5.tgz 0ms (cache hit)
639 http cache kleur@https://registry.npmmirror.com/kleur/-/kleur-4.1.5.tgz 0ms (cache hit)
640 http cache cookie@https://registry.npmmirror.com/cookie/-/cookie-1.0.2.tgz 0ms (cache hit)
641 http cache ufo@https://registry.npmmirror.com/ufo/-/ufo-1.6.1.tgz 0ms (cache hit)
642 http cache ohash@https://registry.npmmirror.com/ohash/-/ohash-2.0.11.tgz 0ms (cache hit)
643 http cache pathe@https://registry.npmmirror.com/pathe/-/pathe-2.0.3.tgz 0ms (cache hit)
644 http cache defu@https://registry.npmmirror.com/defu/-/defu-6.1.4.tgz 0ms (cache hit)
645 http cache exsolve@https://registry.npmmirror.com/exsolve/-/exsolve-1.0.7.tgz 0ms (cache hit)
646 http cache is-arrayish@https://registry.npmmirror.com/is-arrayish/-/is-arrayish-0.3.4.tgz 0ms (cache hit)
647 http cache simple-swizzle@https://registry.npmmirror.com/simple-swizzle/-/simple-swizzle-0.2.4.tgz 0ms (cache hit)
648 http cache color-name@https://registry.npmmirror.com/color-name/-/color-name-1.1.4.tgz 0ms (cache hit)
649 http cache color-convert@https://registry.npmmirror.com/color-convert/-/color-convert-2.0.1.tgz 0ms (cache hit)
650 http cache @emnapi/runtime@https://registry.npmmirror.com/@emnapi/runtime/-/runtime-1.5.0.tgz 0ms (cache hit)
651 http cache color-string@https://registry.npmmirror.com/color-string/-/color-string-1.9.1.tgz 0ms (cache hit)
652 http cache @img/sharp-win32-x64@https://registry.npmmirror.com/@img/sharp-win32-x64/-/sharp-win32-x64-0.33.5.tgz 1ms (cache hit)
653 http cache tslib@https://registry.npmmirror.com/tslib/-/tslib-2.8.1.tgz 0ms (cache hit)
654 http cache detect-libc@https://registry.npmmirror.com/detect-libc/-/detect-libc-2.1.1.tgz 0ms (cache hit)
655 http cache @jridgewell/sourcemap-codec@https://registry.npmmirror.com/@jridgewell/sourcemap-codec/-/sourcemap-codec-1.5.5.tgz 0ms (cache hit)
656 http cache semver@https://registry.npmmirror.com/semver/-/semver-7.7.2.tgz 0ms (cache hit)
657 http cache color@https://registry.npmmirror.com/color/-/color-4.2.3.tgz 0ms (cache hit)
658 http cache @jridgewell/resolve-uri@https://registry.npmmirror.com/@jridgewell/resolve-uri/-/resolve-uri-3.1.2.tgz 0ms (cache hit)
659 http cache @jridgewell/trace-mapping@https://registry.npmmirror.com/@jridgewell/trace-mapping/-/trace-mapping-0.3.9.tgz 0ms (cache hit)
660 http cache zod@https://registry.npmmirror.com/zod/-/zod-3.22.3.tgz 0ms (cache hit)
661 http cache ws@https://registry.npmmirror.com/ws/-/ws-8.18.0.tgz 0ms (cache hit)
662 http cache undici@https://registry.npmmirror.com/undici/-/undici-7.14.0.tgz 0ms (cache hit)
663 http cache stoppable@https://registry.npmmirror.com/stoppable/-/stoppable-1.1.0.tgz 0ms (cache hit)
664 http cache youch@https://registry.npmmirror.com/youch/-/youch-4.1.0-beta.10.tgz 0ms (cache hit)
665 http cache sharp@https://registry.npmmirror.com/sharp/-/sharp-0.33.5.tgz 0ms (cache hit)
666 http cache glob-to-regexp@https://registry.npmmirror.com/glob-to-regexp/-/glob-to-regexp-0.4.1.tgz 0ms (cache hit)
667 http cache @cspotcode/source-map-support@https://registry.npmmirror.com/@cspotcode/source-map-support/-/source-map-support-0.8.1.tgz 0ms (cache hit)
668 http cache @esbuild/win32-x64@https://registry.npmmirror.com/@esbuild/win32-x64/-/win32-x64-0.25.4.tgz 0ms (cache hit)
669 http cache exit-hook@https://registry.npmmirror.com/exit-hook/-/exit-hook-2.2.1.tgz 0ms (cache hit)
670 http cache acorn@https://registry.npmmirror.com/acorn/-/acorn-8.14.0.tgz 0ms (cache hit)
671 http cache acorn-walk@https://registry.npmmirror.com/acorn-walk/-/acorn-walk-8.3.2.tgz 0ms (cache hit)
672 http cache @cloudflare/unenv-preset@https://registry.npmmirror.com/@cloudflare/unenv-preset/-/unenv-preset-2.7.6.tgz 0ms (cache hit)
673 http cache mime@https://registry.npmmirror.com/mime/-/mime-3.0.0.tgz 0ms (cache hit)
674 http cache workerd@https://registry.npmmirror.com/workerd/-/workerd-1.20251001.0.tgz 0ms (cache hit)
675 http cache path-to-regexp@https://registry.npmmirror.com/path-to-regexp/-/path-to-regexp-6.3.0.tgz 0ms (cache hit)
676 http cache miniflare@https://registry.npmmirror.com/miniflare/-/miniflare-4.20251001.0.tgz 0ms (cache hit)
677 http cache esbuild@https://registry.npmmirror.com/esbuild/-/esbuild-0.25.4.tgz 0ms (cache hit)
678 http cache @cloudflare/kv-asset-handler@https://registry.npmmirror.com/@cloudflare/kv-asset-handler/-/kv-asset-handler-0.4.0.tgz 0ms (cache hit)
679 http cache wrangler@https://registry.npmmirror.com/wrangler/-/wrangler-4.42.0.tgz 0ms (cache hit)
680 http cache unenv@https://registry.npmmirror.com/unenv/-/unenv-2.0.0-rc.21.tgz 0ms (cache hit)
681 http cache blake3-wasm@https://registry.npmmirror.com/blake3-wasm/-/blake3-wasm-2.1.5.tgz 0ms (cache hit)
682 silly tarball no local data for @poppinss/exception@https://registry.npmmirror.com/@poppinss/exception/-/exception-1.2.2.tgz. Extracting by manifest.
683 silly tarball no local data for @sindresorhus/is@https://registry.npmmirror.com/@sindresorhus/is/-/is-7.1.0.tgz. Extracting by manifest.
684 silly tarball no local data for error-stack-parser-es@https://registry.npmmirror.com/error-stack-parser-es/-/error-stack-parser-es-1.0.5.tgz. Extracting by manifest.
685 silly tarball no local data for supports-color@https://registry.npmmirror.com/supports-color/-/supports-color-10.2.2.tgz. Extracting by manifest.
686 silly tarball no local data for @speed-highlight/core@https://registry.npmmirror.com/@speed-highlight/core/-/core-1.2.7.tgz. Extracting by manifest.
687 silly tarball no local data for youch-core@https://registry.npmmirror.com/youch-core/-/youch-core-0.3.3.tgz. Extracting by manifest.
688 silly tarball no local data for @poppinss/dumper@https://registry.npmmirror.com/@poppinss/dumper/-/dumper-0.6.4.tgz. Extracting by manifest.
689 silly tarball no local data for @cloudflare/workerd-windows-64@https://registry.npmmirror.com/@cloudflare/workerd-windows-64/-/workerd-windows-64-1.20251001.0.tgz. Extracting by manifest.
690 silly tarball no local data for @poppinss/colors@https://registry.npmmirror.com/@poppinss/colors/-/colors-4.1.5.tgz. Extracting by manifest.
691 silly tarball no local data for kleur@https://registry.npmmirror.com/kleur/-/kleur-4.1.5.tgz. Extracting by manifest.
692 silly tarball no local data for cookie@https://registry.npmmirror.com/cookie/-/cookie-1.0.2.tgz. Extracting by manifest.
693 silly tarball no local data for ufo@https://registry.npmmirror.com/ufo/-/ufo-1.6.1.tgz. Extracting by manifest.
694 silly tarball no local data for ohash@https://registry.npmmirror.com/ohash/-/ohash-2.0.11.tgz. Extracting by manifest.
695 silly tarball no local data for pathe@https://registry.npmmirror.com/pathe/-/pathe-2.0.3.tgz. Extracting by manifest.
696 silly tarball no local data for defu@https://registry.npmmirror.com/defu/-/defu-6.1.4.tgz. Extracting by manifest.
697 silly tarball no local data for exsolve@https://registry.npmmirror.com/exsolve/-/exsolve-1.0.7.tgz. Extracting by manifest.
698 silly tarball no local data for is-arrayish@https://registry.npmmirror.com/is-arrayish/-/is-arrayish-0.3.4.tgz. Extracting by manifest.
699 silly tarball no local data for simple-swizzle@https://registry.npmmirror.com/simple-swizzle/-/simple-swizzle-0.2.4.tgz. Extracting by manifest.
700 silly tarball no local data for color-name@https://registry.npmmirror.com/color-name/-/color-name-1.1.4.tgz. Extracting by manifest.
701 silly tarball no local data for color-convert@https://registry.npmmirror.com/color-convert/-/color-convert-2.0.1.tgz. Extracting by manifest.
702 silly tarball no local data for @emnapi/runtime@https://registry.npmmirror.com/@emnapi/runtime/-/runtime-1.5.0.tgz. Extracting by manifest.
703 silly tarball no local data for color-string@https://registry.npmmirror.com/color-string/-/color-string-1.9.1.tgz. Extracting by manifest.
704 silly tarball no local data for @img/sharp-win32-x64@https://registry.npmmirror.com/@img/sharp-win32-x64/-/sharp-win32-x64-0.33.5.tgz. Extracting by manifest.
705 silly tarball no local data for tslib@https://registry.npmmirror.com/tslib/-/tslib-2.8.1.tgz. Extracting by manifest.
706 silly tarball no local data for detect-libc@https://registry.npmmirror.com/detect-libc/-/detect-libc-2.1.1.tgz. Extracting by manifest.
707 silly tarball no local data for @jridgewell/sourcemap-codec@https://registry.npmmirror.com/@jridgewell/sourcemap-codec/-/sourcemap-codec-1.5.5.tgz. Extracting by manifest.
708 silly tarball no local data for semver@https://registry.npmmirror.com/semver/-/semver-7.7.2.tgz. Extracting by manifest.
709 silly tarball no local data for color@https://registry.npmmirror.com/color/-/color-4.2.3.tgz. Extracting by manifest.
710 silly tarball no local data for @jridgewell/resolve-uri@https://registry.npmmirror.com/@jridgewell/resolve-uri/-/resolve-uri-3.1.2.tgz. Extracting by manifest.
711 silly tarball no local data for @jridgewell/trace-mapping@https://registry.npmmirror.com/@jridgewell/trace-mapping/-/trace-mapping-0.3.9.tgz. Extracting by manifest.
712 silly tarball no local data for zod@https://registry.npmmirror.com/zod/-/zod-3.22.3.tgz. Extracting by manifest.
713 silly tarball no local data for ws@https://registry.npmmirror.com/ws/-/ws-8.18.0.tgz. Extracting by manifest.
714 silly tarball no local data for undici@https://registry.npmmirror.com/undici/-/undici-7.14.0.tgz. Extracting by manifest.
715 silly tarball no local data for stoppable@https://registry.npmmirror.com/stoppable/-/stoppable-1.1.0.tgz. Extracting by manifest.
716 silly tarball no local data for youch@https://registry.npmmirror.com/youch/-/youch-4.1.0-beta.10.tgz. Extracting by manifest.
717 silly tarball no local data for sharp@https://registry.npmmirror.com/sharp/-/sharp-0.33.5.tgz. Extracting by manifest.
718 silly tarball no local data for glob-to-regexp@https://registry.npmmirror.com/glob-to-regexp/-/glob-to-regexp-0.4.1.tgz. Extracting by manifest.
719 silly tarball no local data for @cspotcode/source-map-support@https://registry.npmmirror.com/@cspotcode/source-map-support/-/source-map-support-0.8.1.tgz. Extracting by manifest.
720 silly tarball no local data for @esbuild/win32-x64@https://registry.npmmirror.com/@esbuild/win32-x64/-/win32-x64-0.25.4.tgz. Extracting by manifest.
721 silly tarball no local data for exit-hook@https://registry.npmmirror.com/exit-hook/-/exit-hook-2.2.1.tgz. Extracting by manifest.
722 silly tarball no local data for acorn@https://registry.npmmirror.com/acorn/-/acorn-8.14.0.tgz. Extracting by manifest.
723 silly tarball no local data for acorn-walk@https://registry.npmmirror.com/acorn-walk/-/acorn-walk-8.3.2.tgz. Extracting by manifest.
724 silly tarball no local data for @cloudflare/unenv-preset@https://registry.npmmirror.com/@cloudflare/unenv-preset/-/unenv-preset-2.7.6.tgz. Extracting by manifest.
725 silly tarball no local data for mime@https://registry.npmmirror.com/mime/-/mime-3.0.0.tgz. Extracting by manifest.
726 silly tarball no local data for workerd@https://registry.npmmirror.com/workerd/-/workerd-1.20251001.0.tgz. Extracting by manifest.
727 silly tarball no local data for path-to-regexp@https://registry.npmmirror.com/path-to-regexp/-/path-to-regexp-6.3.0.tgz. Extracting by manifest.
728 silly tarball no local data for miniflare@https://registry.npmmirror.com/miniflare/-/miniflare-4.20251001.0.tgz. Extracting by manifest.
729 silly tarball no local data for esbuild@https://registry.npmmirror.com/esbuild/-/esbuild-0.25.4.tgz. Extracting by manifest.
730 silly tarball no local data for @cloudflare/kv-asset-handler@https://registry.npmmirror.com/@cloudflare/kv-asset-handler/-/kv-asset-handler-0.4.0.tgz. Extracting by manifest.
731 silly tarball no local data for wrangler@https://registry.npmmirror.com/wrangler/-/wrangler-4.42.0.tgz. Extracting by manifest.
732 silly tarball no local data for unenv@https://registry.npmmirror.com/unenv/-/unenv-2.0.0-rc.21.tgz. Extracting by manifest.
733 silly tarball no local data for blake3-wasm@https://registry.npmmirror.com/blake3-wasm/-/blake3-wasm-2.1.5.tgz. Extracting by manifest.
734 http fetch POST 404 https://registry.npmmirror.com/-/npm/v1/security/advisories/bulk 94ms
735 silly audit bulk request failed [object Object]
736 http fetch GET 200 https://cdn.npmmirror.com/packages/color-name/1.1.4/color-name-1.1.4.tgz 440ms (cache miss)
737 http fetch GET 200 https://cdn.npmmirror.com/packages/is-arrayish/0.3.4/is-arrayish-0.3.4.tgz 446ms (cache miss)
738 http fetch GET 200 https://cdn.npmmirror.com/packages/exsolve/1.0.7/exsolve-1.0.7.tgz 451ms (cache miss)
739 http fetch GET 200 https://cdn.npmmirror.com/packages/supports-color/10.2.2/supports-color-10.2.2.tgz 457ms (cache miss)
740 http fetch GET 200 https://cdn.npmmirror.com/packages/cookie/1.0.2/cookie-1.0.2.tgz 454ms (cache miss)
741 http fetch GET 200 https://cdn.npmmirror.com/packages/kleur/4.1.5/kleur-4.1.5.tgz 492ms (cache miss)
742 http fetch GET 200 https://cdn.npmmirror.com/packages/%40poppinss/exception/1.2.2/exception-1.2.2.tgz 502ms (cache miss)
743 http fetch GET 200 https://cdn.npmmirror.com/packages/defu/6.1.4/defu-6.1.4.tgz 498ms (cache miss)
744 http fetch GET 200 https://cdn.npmmirror.com/packages/error-stack-parser-es/1.0.5/error-stack-parser-es-1.0.5.tgz 505ms (cache miss)
745 http fetch GET 200 https://cdn.npmmirror.com/packages/youch-core/0.3.3/youch-core-0.3.3.tgz 513ms (cache miss)
746 http fetch GET 200 https://cdn.npmmirror.com/packages/ohash/2.0.11/ohash-2.0.11.tgz 519ms (cache miss)
747 http fetch POST 404 https://registry.npmmirror.com/-/npm/v1/security/audits/quick 443ms
748 verbose audit error HttpErrorGeneral: 404 Not Found - POST https://registry.npmmirror.com/-/npm/v1/security/audits/quick - [NOT_IMPLEMENTED] /-/npm/v1/security/* not implemented yet
748 verbose audit error     at C:\Program Files\nodejs\node_modules\npm\node_modules\npm-registry-fetch\lib\check-response.js:103:15
748 verbose audit error     at process.processTicksAndRejections (node:internal/process/task_queues:105:5)
748 verbose audit error     at async [getReport] (C:\Program Files\nodejs\node_modules\npm\node_modules\@npmcli\arborist\lib\audit-report.js:336:21)
748 verbose audit error     at async AuditReport.run (C:\Program Files\nodejs\node_modules\npm\node_modules\@npmcli\arborist\lib\audit-report.js:106:19) {
748 verbose audit error   headers: [Object: null prototype] {
748 verbose audit error     server: [ 'Tengine' ],
748 verbose audit error     date: [ 'Sun, 05 Oct 2025 05:49:36 GMT' ],
748 verbose audit error     'content-type': [ 'application/json' ],
748 verbose audit error     'transfer-encoding': [ 'chunked' ],
748 verbose audit error     connection: [ 'keep-alive' ],
748 verbose audit error     'strict-transport-security': [ 'max-age=5184000' ],
748 verbose audit error     via: [ 'kunlun7.cn1590[,404666]' ],
748 verbose audit error     'timing-allow-origin': [ '*' ],
748 verbose audit error     eagleid: [ 'ddb2069b17596433768852535e' ],
748 verbose audit error     'x-fetch-attempts': [ '1' ]
748 verbose audit error   },
748 verbose audit error   statusCode: 404,
748 verbose audit error   code: 'E404',
748 verbose audit error   method: 'POST',
748 verbose audit error   uri: 'https://registry.npmmirror.com/-/npm/v1/security/audits/quick',
748 verbose audit error   body: {
748 verbose audit error     error: '[NOT_IMPLEMENTED] /-/npm/v1/security/* not implemented yet'
748 verbose audit error   },
748 verbose audit error   pkgid: undefined
748 verbose audit error }
749 silly audit error [object Object]
750 silly audit report null
751 http fetch GET 200 https://cdn.npmmirror.com/packages/color-string/1.9.1/color-string-1.9.1.tgz 537ms (cache miss)
752 http fetch GET 200 https://cdn.npmmirror.com/packages/ufo/1.6.1/ufo-1.6.1.tgz 544ms (cache miss)
753 http fetch GET 200 https://cdn.npmmirror.com/packages/simple-swizzle/0.2.4/simple-swizzle-0.2.4.tgz 582ms (cache miss)
754 http fetch GET 200 https://cdn.npmmirror.com/packages/%40sindresorhus/is/7.1.0/is-7.1.0.tgz 621ms (cache miss)
755 http fetch GET 200 https://cdn.npmmirror.com/packages/%40poppinss/colors/4.1.5/colors-4.1.5.tgz 631ms (cache miss)
756 http fetch GET 200 https://cdn.npmmirror.com/packages/detect-libc/2.1.1/detect-libc-2.1.1.tgz 629ms (cache miss)
757 http fetch GET 200 https://cdn.npmmirror.com/packages/color/4.2.3/color-4.2.3.tgz 631ms (cache miss)
758 http fetch GET 200 https://cdn.npmmirror.com/packages/color-convert/2.0.1/color-convert-2.0.1.tgz 673ms (cache miss)
759 http fetch GET 200 https://cdn.npmmirror.com/packages/tslib/2.8.1/tslib-2.8.1.tgz 711ms (cache miss)
760 http fetch GET 200 https://cdn.npmmirror.com/packages/%40jridgewell/resolve-uri/3.1.2/resolve-uri-3.1.2.tgz 715ms (cache miss)
761 http fetch GET 200 https://cdn.npmmirror.com/packages/acorn-walk/8.3.2/acorn-walk-8.3.2.tgz 761ms (cache miss)
762 http fetch GET 200 https://cdn.npmmirror.com/packages/exit-hook/2.2.1/exit-hook-2.2.1.tgz 767ms (cache miss)
763 http fetch GET 200 https://cdn.npmmirror.com/packages/%40cloudflare/unenv-preset/2.7.6/unenv-preset-2.7.6.tgz 780ms (cache miss)
764 http fetch GET 200 https://cdn.npmmirror.com/packages/stoppable/1.1.0/stoppable-1.1.0.tgz 848ms (cache miss)
765 http fetch GET 200 https://cdn.npmmirror.com/packages/%40cspotcode/source-map-support/0.8.1/source-map-support-0.8.1.tgz 866ms (cache miss)
766 http fetch GET 200 https://cdn.npmmirror.com/packages/pathe/2.0.3/pathe-2.0.3.tgz 873ms (cache miss)
767 http fetch GET 200 https://cdn.npmmirror.com/packages/%40emnapi/runtime/1.5.0/runtime-1.5.0.tgz 885ms (cache miss)
768 http fetch GET 200 https://cdn.npmmirror.com/packages/glob-to-regexp/0.4.1/glob-to-regexp-0.4.1.tgz 901ms (cache miss)
769 http fetch GET 200 https://cdn.npmmirror.com/packages/mime/3.0.0/mime-3.0.0.tgz 905ms (cache miss)
770 http fetch GET 200 https://cdn.npmmirror.com/packages/%40jridgewell/trace-mapping/0.3.9/trace-mapping-0.3.9.tgz 917ms (cache miss)
771 http fetch GET 200 https://cdn.npmmirror.com/packages/ws/8.18.0/ws-8.18.0.tgz 943ms (cache miss)
772 http fetch GET 200 https://cdn.npmmirror.com/packages/%40poppinss/dumper/0.6.4/dumper-0.6.4.tgz 963ms (cache miss)
773 http fetch GET 200 https://cdn.npmmirror.com/packages/esbuild/0.25.4/esbuild-0.25.4.tgz 960ms (cache miss)
774 http fetch GET 200 https://cdn.npmmirror.com/packages/acorn/8.14.0/acorn-8.14.0.tgz 982ms (cache miss)
775 http fetch GET 200 https://cdn.npmmirror.com/packages/%40jridgewell/sourcemap-codec/1.5.5/sourcemap-codec-1.5.5.tgz 1024ms (cache miss)
776 http fetch GET 200 https://cdn.npmmirror.com/packages/path-to-regexp/6.3.0/path-to-regexp-6.3.0.tgz 1044ms (cache miss)
777 http fetch GET 200 https://cdn.npmmirror.com/packages/%40cloudflare/kv-asset-handler/0.4.0/kv-asset-handler-0.4.0.tgz 1056ms (cache miss)
778 http fetch GET 200 https://cdn.npmmirror.com/packages/sharp/0.33.5/sharp-0.33.5.tgz 1154ms (cache miss)
779 http fetch GET 200 https://cdn.npmmirror.com/packages/semver/7.7.2/semver-7.7.2.tgz 1183ms (cache miss)
780 http fetch GET 200 https://cdn.npmmirror.com/packages/zod/3.22.3/zod-3.22.3.tgz 1270ms (cache miss)
781 http fetch GET 200 https://cdn.npmmirror.com/packages/youch/4.1.0-beta.10/youch-4.1.0-beta.10.tgz 1282ms (cache miss)
782 http fetch GET 200 https://cdn.npmmirror.com/packages/blake3-wasm/2.1.5/blake3-wasm-2.1.5.tgz 1838ms (cache miss)
783 http fetch GET 200 https://cdn.npmmirror.com/packages/undici/7.14.0/undici-7.14.0.tgz 1882ms (cache miss)
784 http fetch GET 200 https://cdn.npmmirror.com/packages/%40speed-highlight/core/1.2.7/core-1.2.7.tgz 1906ms (cache miss)
785 http fetch GET 200 https://cdn.npmmirror.com/packages/workerd/1.20251001.0/workerd-1.20251001.0.tgz 1975ms (cache miss)
786 http fetch GET 200 https://cdn.npmmirror.com/packages/unenv/2.0.0-rc.21/unenv-2.0.0-rc.21.tgz 2228ms (cache miss)
787 http fetch GET 200 https://cdn.npmmirror.com/packages/wrangler/4.42.0/wrangler-4.42.0.tgz 2547ms (cache miss)
788 http fetch GET 200 https://cdn.npmmirror.com/packages/miniflare/4.20251001.0/miniflare-4.20251001.0.tgz 2558ms (cache miss)
789 http fetch GET 200 https://cdn.npmmirror.com/packages/%40esbuild/win32-x64/0.25.4/win32-x64-0.25.4.tgz 3139ms (cache miss)
790 http fetch GET 200 https://cdn.npmmirror.com/packages/%40img/sharp-win32-x64/0.33.5/sharp-win32-x64-0.33.5.tgz 3568ms (cache miss)
791 http fetch GET 200 https://cdn.npmmirror.com/packages/%40cloudflare/workerd-windows-64/1.20251001.0/workerd-windows-64-1.20251001.0.tgz 7723ms (cache miss)
792 info run sharp@0.33.5 install node_modules/sharp node install/check
793 info run sharp@0.33.5 install { code: 0, signal: null }
794 info run esbuild@0.25.4 postinstall node_modules/esbuild node install.js
795 info run workerd@1.20251001.0 postinstall node_modules/workerd node install.js
796 info run esbuild@0.25.4 postinstall { code: 0, signal: null }
797 info run workerd@1.20251001.0 postinstall { code: 0, signal: null }
798 verbose cwd D:\piperxBackend
799 verbose os Windows_NT 10.0.19045
800 verbose node v22.15.1
801 verbose npm  v10.9.2
802 notice
802 notice New [31mmajor[39m version of npm available! [31m10.9.2[39m -> [34m11.6.1[39m
802 notice Changelog: [34mhttps://github.com/npm/cli/releases/tag/v11.6.1[39m
802 notice To update run: [4mnpm install -g npm@11.6.1[24m
802 notice  { force: true, [Symbol(proc-log.meta)]: true }
803 verbose exit 1
804 verbose code 1
